[0.773s] Invoking command in '/mnt/hgfs/VMware/ROS2_DEMO/2_Chapter/code/pythonBaseMsgPub': PYTHONPATH=/mnt/hgfs/VMware/ROS2_DEMO/2_Chapter/code/build/pythonBaseMsgPub/prefix_override:/mnt/hgfs/VMware/ROS2_DEMO/2_Chapter/code/install/pythonBaseMsgPub/lib/python3.10/site-packages:${PYTHONPATH} /usr/bin/python3 setup.py egg_info --egg-base ../build/pythonBaseMsgPub build --build-base /mnt/hgfs/VMware/ROS2_DEMO/2_Chapter/code/build/pythonBaseMsgPub/build install --record /mnt/hgfs/VMware/ROS2_DEMO/2_Chapter/code/build/pythonBaseMsgPub/install.log --single-version-externally-managed
[0.995s] running egg_info
[0.999s] creating ../build/pythonBaseMsgPub/pythonBaseMsgPub.egg-info
[1.002s] writing ../build/pythonBaseMsgPub/pythonBaseMsgPub.egg-info/PKG-INFO
[1.008s] writing dependency_links to ../build/pythonBaseMsgPub/pythonBaseMsgPub.egg-info/dependency_links.txt
[1.012s] writing entry points to ../build/pythonBaseMsgPub/pythonBaseMsgPub.egg-info/entry_points.txt
[1.017s] writing requirements to ../build/pythonBaseMsgPub/pythonBaseMsgPub.egg-info/requires.txt
[1.022s] writing top-level names to ../build/pythonBaseMsgPub/pythonBaseMsgPub.egg-info/top_level.txt
[1.025s] writing manifest file '../build/pythonBaseMsgPub/pythonBaseMsgPub.egg-info/SOURCES.txt'
[1.042s] reading manifest file '../build/pythonBaseMsgPub/pythonBaseMsgPub.egg-info/SOURCES.txt'
[1.046s] writing manifest file '../build/pythonBaseMsgPub/pythonBaseMsgPub.egg-info/SOURCES.txt'
[1.049s] running build
[1.053s] running build_py
[1.059s] creating /mnt/hgfs/VMware/ROS2_DEMO/2_Chapter/code/build/pythonBaseMsgPub/build
[1.061s] creating /mnt/hgfs/VMware/ROS2_DEMO/2_Chapter/code/build/pythonBaseMsgPub/build/lib
[1.066s] creating /mnt/hgfs/VMware/ROS2_DEMO/2_Chapter/code/build/pythonBaseMsgPub/build/lib/pythonBaseMsgPub
[1.069s] copying pythonBaseMsgPub/pythonBaseMsgPubNode.py -> /mnt/hgfs/VMware/ROS2_DEMO/2_Chapter/code/build/pythonBaseMsgPub/build/lib/pythonBaseMsgPub
[1.075s] copying pythonBaseMsgPub/__init__.py -> /mnt/hgfs/VMware/ROS2_DEMO/2_Chapter/code/build/pythonBaseMsgPub/build/lib/pythonBaseMsgPub
[1.078s] running install
[1.082s] /usr/lib/python3/dist-packages/setuptools/command/install.py:34: SetuptoolsDeprecationWarning: setup.py install is deprecated. Use build and pip and other standards-based tools.
[1.085s]   warnings.warn(
[1.091s] running install_lib
[1.094s] creating /mnt/hgfs/VMware/ROS2_DEMO/2_Chapter/code/install/pythonBaseMsgPub/lib/python3.10/site-packages/pythonBaseMsgPub
[1.100s] copying /mnt/hgfs/VMware/ROS2_DEMO/2_Chapter/code/build/pythonBaseMsgPub/build/lib/pythonBaseMsgPub/pythonBaseMsgPubNode.py -> /mnt/hgfs/VMware/ROS2_DEMO/2_Chapter/code/install/pythonBaseMsgPub/lib/python3.10/site-packages/pythonBaseMsgPub
[1.104s] copying /mnt/hgfs/VMware/ROS2_DEMO/2_Chapter/code/build/pythonBaseMsgPub/build/lib/pythonBaseMsgPub/__init__.py -> /mnt/hgfs/VMware/ROS2_DEMO/2_Chapter/code/install/pythonBaseMsgPub/lib/python3.10/site-packages/pythonBaseMsgPub
[1.108s] byte-compiling /mnt/hgfs/VMware/ROS2_DEMO/2_Chapter/code/install/pythonBaseMsgPub/lib/python3.10/site-packages/pythonBaseMsgPub/pythonBaseMsgPubNode.py to pythonBaseMsgPubNode.cpython-310.pyc
[1.116s] byte-compiling /mnt/hgfs/VMware/ROS2_DEMO/2_Chapter/code/install/pythonBaseMsgPub/lib/python3.10/site-packages/pythonBaseMsgPub/__init__.py to __init__.cpython-310.pyc
[1.122s] running install_data
[1.125s] creating /mnt/hgfs/VMware/ROS2_DEMO/2_Chapter/code/install/pythonBaseMsgPub/share/ament_index
[1.128s] creating /mnt/hgfs/VMware/ROS2_DEMO/2_Chapter/code/install/pythonBaseMsgPub/share/ament_index/resource_index
[1.131s] creating /mnt/hgfs/VMware/ROS2_DEMO/2_Chapter/code/install/pythonBaseMsgPub/share/ament_index/resource_index/packages
[1.136s] copying resource/pythonBaseMsgPub -> /mnt/hgfs/VMware/ROS2_DEMO/2_Chapter/code/install/pythonBaseMsgPub/share/ament_index/resource_index/packages
[1.140s] copying package.xml -> /mnt/hgfs/VMware/ROS2_DEMO/2_Chapter/code/install/pythonBaseMsgPub/share/pythonBaseMsgPub
[1.146s] running install_egg_info
[1.151s] Copying ../build/pythonBaseMsgPub/pythonBaseMsgPub.egg-info to /mnt/hgfs/VMware/ROS2_DEMO/2_Chapter/code/install/pythonBaseMsgPub/lib/python3.10/site-packages/pythonBaseMsgPub-0.0.0-py3.10.egg-info
[1.205s] running install_scripts
[1.228s] Installing pythonBaseMsgPubNode script to /mnt/hgfs/VMware/ROS2_DEMO/2_Chapter/code/install/pythonBaseMsgPub/lib/pythonBaseMsgPub
[1.236s] writing list of installed files to '/mnt/hgfs/VMware/ROS2_DEMO/2_Chapter/code/build/pythonBaseMsgPub/install.log'
[1.273s] Invoked command in '/mnt/hgfs/VMware/ROS2_DEMO/2_Chapter/code/pythonBaseMsgPub' returned '0': PYTHONPATH=/mnt/hgfs/VMware/ROS2_DEMO/2_Chapter/code/build/pythonBaseMsgPub/prefix_override:/mnt/hgfs/VMware/ROS2_DEMO/2_Chapter/code/install/pythonBaseMsgPub/lib/python3.10/site-packages:${PYTHONPATH} /usr/bin/python3 setup.py egg_info --egg-base ../build/pythonBaseMsgPub build --build-base /mnt/hgfs/VMware/ROS2_DEMO/2_Chapter/code/build/pythonBaseMsgPub/build install --record /mnt/hgfs/VMware/ROS2_DEMO/2_Chapter/code/build/pythonBaseMsgPub/install.log --single-version-externally-managed
