[0.056s] Invoking command in '/mnt/hgfs/VMware/ROS2_DEMO/2_Chapter/code/build/cppBaseMsgPub': CMAKE_PREFIX_PATH=${CMAKE_PREFIX_PATH}:/opt/ros/humble /usr/bin/cmake /mnt/hgfs/VMware/ROS2_DEMO/2_Chapter/code/cppBaseMsgPub -DCMAKE_INSTALL_PREFIX=/mnt/hgfs/VMware/ROS2_DEMO/2_Chapter/code/install/cppBaseMsgPub
[0.260s] -- The C compiler identification is GNU 11.3.0
[0.445s] -- The CXX compiler identification is GNU 11.3.0
[0.474s] -- Detecting C compiler ABI info
[0.866s] -- Detecting C compiler ABI info - done
[0.888s] -- Check for working C compiler: /usr/bin/cc - skipped
[0.892s] -- Detecting C compile features
[0.897s] -- Detecting C compile features - done
[0.920s] -- Detecting CXX compiler ABI info
[1.308s] -- Detecting CXX compiler ABI info - done
[1.332s] -- Check for working CXX compiler: /usr/bin/c++ - skipped
[1.337s] -- Detecting CXX compile features
[1.342s] -- Detecting CXX compile features - done
[1.361s] -- Found ament_cmake: 1.3.3 (/opt/ros/humble/share/ament_cmake/cmake)
[1.629s] -- Found Python3: /usr/bin/python3.10 (found version "3.10.6") found components: Interpreter 
[1.809s] -- Found rclcpp: 16.0.3 (/opt/ros/humble/share/rclcpp/cmake)
[1.884s] -- Found rosidl_generator_c: 3.1.4 (/opt/ros/humble/share/rosidl_generator_c/cmake)
[1.892s] -- Found rosidl_adapter: 3.1.4 (/opt/ros/humble/share/rosidl_adapter/cmake)
[1.907s] -- Found rosidl_generator_cpp: 3.1.4 (/opt/ros/humble/share/rosidl_generator_cpp/cmake)
[1.930s] -- Using all available rosidl_typesupport_c: rosidl_typesupport_fastrtps_c;rosidl_typesupport_introspection_c
[1.963s] -- Using all available rosidl_typesupport_cpp: rosidl_typesupport_fastrtps_cpp;rosidl_typesupport_introspection_cpp
[2.073s] -- Found rmw_implementation_cmake: 6.1.1 (/opt/ros/humble/share/rmw_implementation_cmake/cmake)
[2.080s] -- Found rmw_fastrtps_cpp: 6.2.2 (/opt/ros/humble/share/rmw_fastrtps_cpp/cmake)
[2.252s] -- Found OpenSSL: /usr/lib/x86_64-linux-gnu/libcrypto.so (found version "3.0.2")  
[2.308s] -- Found FastRTPS: /opt/ros/humble/include  
[2.384s] -- Using RMW implementation 'rmw_fastrtps_cpp' as default
[2.424s] -- Looking for pthread.h
[2.808s] -- Looking for pthread.h - found
[2.814s] -- Performing Test CMAKE_HAVE_LIBC_PTHREAD
[3.194s] -- Performing Test CMAKE_HAVE_LIBC_PTHREAD - Success
[3.198s] -- Found Threads: TRUE  
[3.450s] -- Found ament_lint_auto: 0.12.5 (/opt/ros/humble/share/ament_lint_auto/cmake)
[3.548s] WARNING: Package name "cppBaseMsgPub" does not follow the naming conventions. It should start with a lower case letter and only contain lower case letters, digits, underscores, and dashes.
[3.587s] -- Configuring done
[3.804s] -- Generating done
[3.878s] -- Build files have been written to: /mnt/hgfs/VMware/ROS2_DEMO/2_Chapter/code/build/cppBaseMsgPub
[3.890s] Invoked command in '/mnt/hgfs/VMware/ROS2_DEMO/2_Chapter/code/build/cppBaseMsgPub' returned '0': CMAKE_PREFIX_PATH=${CMAKE_PREFIX_PATH}:/opt/ros/humble /usr/bin/cmake /mnt/hgfs/VMware/ROS2_DEMO/2_Chapter/code/cppBaseMsgPub -DCMAKE_INSTALL_PREFIX=/mnt/hgfs/VMware/ROS2_DEMO/2_Chapter/code/install/cppBaseMsgPub
[3.898s] Invoking command in '/mnt/hgfs/VMware/ROS2_DEMO/2_Chapter/code/build/cppBaseMsgPub': CMAKE_PREFIX_PATH=${CMAKE_PREFIX_PATH}:/opt/ros/humble /usr/bin/cmake --build /mnt/hgfs/VMware/ROS2_DEMO/2_Chapter/code/build/cppBaseMsgPub -- -j16 -l16
[4.003s] [ 50%] [32mBuilding CXX object CMakeFiles/cppBaseMsgPubNode.dir/src/cppBaseMsgPubNode.cpp.o[0m
[11.623s] [100%] [32m[1mLinking CXX executable cppBaseMsgPubNode[0m
[14.908s] [100%] Built target cppBaseMsgPubNode
[14.928s] Invoked command in '/mnt/hgfs/VMware/ROS2_DEMO/2_Chapter/code/build/cppBaseMsgPub' returned '0': CMAKE_PREFIX_PATH=${CMAKE_PREFIX_PATH}:/opt/ros/humble /usr/bin/cmake --build /mnt/hgfs/VMware/ROS2_DEMO/2_Chapter/code/build/cppBaseMsgPub -- -j16 -l16
[14.987s] Invoking command in '/mnt/hgfs/VMware/ROS2_DEMO/2_Chapter/code/build/cppBaseMsgPub': CMAKE_PREFIX_PATH=${CMAKE_PREFIX_PATH}:/opt/ros/humble /usr/bin/cmake --install /mnt/hgfs/VMware/ROS2_DEMO/2_Chapter/code/build/cppBaseMsgPub
[14.998s] -- Install configuration: ""
[15.010s] -- Installing: /mnt/hgfs/VMware/ROS2_DEMO/2_Chapter/code/install/cppBaseMsgPub/lib/cppBaseMsgPub/cppBaseMsgPubNode
[15.188s] -- Set runtime path of "/mnt/hgfs/VMware/ROS2_DEMO/2_Chapter/code/install/cppBaseMsgPub/lib/cppBaseMsgPub/cppBaseMsgPubNode" to ""
[15.195s] Invoked command in '/mnt/hgfs/VMware/ROS2_DEMO/2_Chapter/code/build/cppBaseMsgPub' returned '0': CMAKE_PREFIX_PATH=${CMAKE_PREFIX_PATH}:/opt/ros/humble /usr/bin/cmake --install /mnt/hgfs/VMware/ROS2_DEMO/2_Chapter/code/build/cppBaseMsgPub
