[0.067s] Invoking command in '/mnt/hgfs/VMware/ROS2_DEMO/2_Chapter/code/build/cppBaseMsgPub': CMAKE_PREFIX_PATH=${CMAKE_PREFIX_PATH}:/opt/ros/humble /usr/bin/cmake --build /mnt/hgfs/VMware/ROS2_DEMO/2_Chapter/code/build/cppBaseMsgPub -- -j16 -l16
[0.124s] -- Found ament_cmake: 1.3.3 (/opt/ros/humble/share/ament_cmake/cmake)
[0.341s] -- Found rclcpp: 16.0.3 (/opt/ros/humble/share/rclcpp/cmake)
[0.392s] -- Found rosidl_generator_c: 3.1.4 (/opt/ros/humble/share/rosidl_generator_c/cmake)
[0.396s] -- Found rosidl_adapter: 3.1.4 (/opt/ros/humble/share/rosidl_adapter/cmake)
[0.405s] -- Found rosidl_generator_cpp: 3.1.4 (/opt/ros/humble/share/rosidl_generator_cpp/cmake)
[0.424s] -- Using all available rosidl_typesupport_c: rosidl_typesupport_fastrtps_c;rosidl_typesupport_introspection_c
[0.448s] -- Using all available rosidl_typesupport_cpp: rosidl_typesupport_fastrtps_cpp;rosidl_typesupport_introspection_cpp
[0.541s] -- Found rmw_implementation_cmake: 6.1.1 (/opt/ros/humble/share/rmw_implementation_cmake/cmake)
[0.546s] -- Found rmw_fastrtps_cpp: 6.2.2 (/opt/ros/humble/share/rmw_fastrtps_cpp/cmake)
[0.864s] -- Using RMW implementation 'rmw_fastrtps_cpp' as default
[1.115s] -- Found ament_lint_auto: 0.12.5 (/opt/ros/humble/share/ament_lint_auto/cmake)
[1.197s] WARNING: Package name "cppBaseMsgPub" does not follow the naming conventions. It should start with a lower case letter and only contain lower case letters, digits, underscores, and dashes.
[1.383s] -- Added test 'cppcheck' to perform static code analysis on C / C++ code
[1.386s] -- Configured cppcheck include dirs: $<BUILD_INTERFACE:/mnt/hgfs/VMware/ROS2_DEMO/2_Chapter/code/cppBaseMsgPub/include>
[1.390s] -- Configured cppcheck exclude dirs and/or files: 
[1.414s] -- Added test 'lint_cmake' to check CMake code style
[1.479s] -- Added test 'uncrustify' to check C / C++ code style
[1.484s] -- Configured uncrustify additional arguments: 
[1.498s] -- Added test 'xmllint' to check XML markup files
[1.573s] -- Configuring done
[1.785s] -- Generating done
[1.858s] -- Build files have been written to: /mnt/hgfs/VMware/ROS2_DEMO/2_Chapter/code/build/cppBaseMsgPub
[1.915s] [35m[1mConsolidate compiler generated dependencies of target cppBaseMsgPubNode[0m
[3.465s] [100%] Built target cppBaseMsgPubNode
[3.486s] Invoked command in '/mnt/hgfs/VMware/ROS2_DEMO/2_Chapter/code/build/cppBaseMsgPub' returned '0': CMAKE_PREFIX_PATH=${CMAKE_PREFIX_PATH}:/opt/ros/humble /usr/bin/cmake --build /mnt/hgfs/VMware/ROS2_DEMO/2_Chapter/code/build/cppBaseMsgPub -- -j16 -l16
[3.541s] Invoking command in '/mnt/hgfs/VMware/ROS2_DEMO/2_Chapter/code/build/cppBaseMsgPub': CMAKE_PREFIX_PATH=${CMAKE_PREFIX_PATH}:/opt/ros/humble /usr/bin/cmake --install /mnt/hgfs/VMware/ROS2_DEMO/2_Chapter/code/build/cppBaseMsgPub
[3.552s] -- Install configuration: ""
[3.561s] -- Up-to-date: /mnt/hgfs/VMware/ROS2_DEMO/2_Chapter/code/install/cppBaseMsgPub/lib/cppBaseMsgPub/cppBaseMsgPubNode
[3.576s] -- Installing: /mnt/hgfs/VMware/ROS2_DEMO/2_Chapter/code/install/cppBaseMsgPub/share/ament_index/resource_index/package_run_dependencies/cppBaseMsgPub
[3.595s] -- Installing: /mnt/hgfs/VMware/ROS2_DEMO/2_Chapter/code/install/cppBaseMsgPub/share/ament_index/resource_index/parent_prefix_path/cppBaseMsgPub
[3.616s] -- Installing: /mnt/hgfs/VMware/ROS2_DEMO/2_Chapter/code/install/cppBaseMsgPub/share/cppBaseMsgPub/environment/ament_prefix_path.sh
[3.638s] -- Installing: /mnt/hgfs/VMware/ROS2_DEMO/2_Chapter/code/install/cppBaseMsgPub/share/cppBaseMsgPub/environment/ament_prefix_path.dsv
[3.657s] -- Installing: /mnt/hgfs/VMware/ROS2_DEMO/2_Chapter/code/install/cppBaseMsgPub/share/cppBaseMsgPub/environment/path.sh
[3.673s] -- Installing: /mnt/hgfs/VMware/ROS2_DEMO/2_Chapter/code/install/cppBaseMsgPub/share/cppBaseMsgPub/environment/path.dsv
[3.691s] -- Installing: /mnt/hgfs/VMware/ROS2_DEMO/2_Chapter/code/install/cppBaseMsgPub/share/cppBaseMsgPub/local_setup.bash
[3.709s] -- Installing: /mnt/hgfs/VMware/ROS2_DEMO/2_Chapter/code/install/cppBaseMsgPub/share/cppBaseMsgPub/local_setup.sh
[3.727s] -- Installing: /mnt/hgfs/VMware/ROS2_DEMO/2_Chapter/code/install/cppBaseMsgPub/share/cppBaseMsgPub/local_setup.zsh
[3.745s] -- Installing: /mnt/hgfs/VMware/ROS2_DEMO/2_Chapter/code/install/cppBaseMsgPub/share/cppBaseMsgPub/local_setup.dsv
[3.764s] -- Installing: /mnt/hgfs/VMware/ROS2_DEMO/2_Chapter/code/install/cppBaseMsgPub/share/cppBaseMsgPub/package.dsv
[3.782s] -- Installing: /mnt/hgfs/VMware/ROS2_DEMO/2_Chapter/code/install/cppBaseMsgPub/share/ament_index/resource_index/packages/cppBaseMsgPub
[3.800s] -- Installing: /mnt/hgfs/VMware/ROS2_DEMO/2_Chapter/code/install/cppBaseMsgPub/share/cppBaseMsgPub/cmake/cppBaseMsgPubConfig.cmake
[3.815s] -- Installing: /mnt/hgfs/VMware/ROS2_DEMO/2_Chapter/code/install/cppBaseMsgPub/share/cppBaseMsgPub/cmake/cppBaseMsgPubConfig-version.cmake
[3.833s] -- Installing: /mnt/hgfs/VMware/ROS2_DEMO/2_Chapter/code/install/cppBaseMsgPub/share/cppBaseMsgPub/package.xml
[3.852s] Invoked command in '/mnt/hgfs/VMware/ROS2_DEMO/2_Chapter/code/build/cppBaseMsgPub' returned '0': CMAKE_PREFIX_PATH=${CMAKE_PREFIX_PATH}:/opt/ros/humble /usr/bin/cmake --install /mnt/hgfs/VMware/ROS2_DEMO/2_Chapter/code/build/cppBaseMsgPub
