[0.080s] Invoking command in '/mnt/hgfs/VMware/ROS2_DEMO/2_Chapter/code/build/cppBaseMsgPub': CMAKE_PREFIX_PATH=/opt/ros/humble /usr/bin/cmake --build /mnt/hgfs/VMware/ROS2_DEMO/2_Chapter/code/build/cppBaseMsgPub -- -j16 -l16
[0.166s] -- Found ament_cmake: 1.3.3 (/opt/ros/humble/share/ament_cmake/cmake)
[0.399s] -- Found rclcpp: 16.0.3 (/opt/ros/humble/share/rclcpp/cmake)
[0.444s] -- Found rosidl_generator_c: 3.1.4 (/opt/ros/humble/share/rosidl_generator_c/cmake)
[0.449s] -- Found rosidl_adapter: 3.1.4 (/opt/ros/humble/share/rosidl_adapter/cmake)
[0.457s] -- Found rosidl_generator_cpp: 3.1.4 (/opt/ros/humble/share/rosidl_generator_cpp/cmake)
[0.479s] -- Using all available rosidl_typesupport_c: rosidl_typesupport_fastrtps_c;rosidl_typesupport_introspection_c
[0.506s] -- Using all available rosidl_typesupport_cpp: rosidl_typesupport_fastrtps_cpp;rosidl_typesupport_introspection_cpp
[0.601s] -- Found rmw_implementation_cmake: 6.1.1 (/opt/ros/humble/share/rmw_implementation_cmake/cmake)
[0.607s] -- Found rmw_fastrtps_cpp: 6.2.2 (/opt/ros/humble/share/rmw_fastrtps_cpp/cmake)
[0.893s] -- Using RMW implementation 'rmw_fastrtps_cpp' as default
[1.145s] -- Found ament_lint_auto: 0.12.5 (/opt/ros/humble/share/ament_lint_auto/cmake)
[1.235s] WARNING: Package name "cppBaseMsgPub" does not follow the naming conventions. It should start with a lower case letter and only contain lower case letters, digits, underscores, and dashes.
[1.386s] -- Added test 'cppcheck' to perform static code analysis on C / C++ code
[1.392s] -- Configured cppcheck include dirs: $<BUILD_INTERFACE:/mnt/hgfs/VMware/ROS2_DEMO/2_Chapter/code/cppBaseMsgPub/include>
[1.398s] -- Configured cppcheck exclude dirs and/or files: 
[1.417s] -- Added test 'lint_cmake' to check CMake code style
[1.491s] -- Added test 'uncrustify' to check C / C++ code style
[1.494s] -- Configured uncrustify additional arguments: 
[1.505s] -- Added test 'xmllint' to check XML markup files
[1.548s] -- Configuring done
[1.823s] -- Generating done
[1.904s] -- Build files have been written to: /mnt/hgfs/VMware/ROS2_DEMO/2_Chapter/code/build/cppBaseMsgPub
[1.963s] [35m[1mConsolidate compiler generated dependencies of target cppBaseMsgPubNode[0m
[3.876s] [ 50%] [32mBuilding CXX object CMakeFiles/cppBaseMsgPubNode.dir/src/cppBaseMsgPubNode.cpp.o[0m
[13.873s] [100%] [32m[1mLinking CXX executable cppBaseMsgPubNode[0m
[16.289s] [100%] Built target cppBaseMsgPubNode
[16.304s] Invoked command in '/mnt/hgfs/VMware/ROS2_DEMO/2_Chapter/code/build/cppBaseMsgPub' returned '0': CMAKE_PREFIX_PATH=/opt/ros/humble /usr/bin/cmake --build /mnt/hgfs/VMware/ROS2_DEMO/2_Chapter/code/build/cppBaseMsgPub -- -j16 -l16
[16.345s] Invoking command in '/mnt/hgfs/VMware/ROS2_DEMO/2_Chapter/code/build/cppBaseMsgPub': CMAKE_PREFIX_PATH=/opt/ros/humble /usr/bin/cmake --install /mnt/hgfs/VMware/ROS2_DEMO/2_Chapter/code/build/cppBaseMsgPub
[16.352s] -- Install configuration: ""
[16.358s] -- Installing: /mnt/hgfs/VMware/ROS2_DEMO/2_Chapter/code/install/cppBaseMsgPub/lib/cppBaseMsgPub/cppBaseMsgPubNode
[16.477s] -- Set runtime path of "/mnt/hgfs/VMware/ROS2_DEMO/2_Chapter/code/install/cppBaseMsgPub/lib/cppBaseMsgPub/cppBaseMsgPubNode" to ""
[16.501s] -- Up-to-date: /mnt/hgfs/VMware/ROS2_DEMO/2_Chapter/code/install/cppBaseMsgPub/share/ament_index/resource_index/package_run_dependencies/cppBaseMsgPub
[16.506s] -- Installing: /mnt/hgfs/VMware/ROS2_DEMO/2_Chapter/code/install/cppBaseMsgPub/share/ament_index/resource_index/parent_prefix_path/cppBaseMsgPub
[16.521s] -- Up-to-date: /mnt/hgfs/VMware/ROS2_DEMO/2_Chapter/code/install/cppBaseMsgPub/share/cppBaseMsgPub/environment/ament_prefix_path.sh
[16.526s] -- Installing: /mnt/hgfs/VMware/ROS2_DEMO/2_Chapter/code/install/cppBaseMsgPub/share/cppBaseMsgPub/environment/ament_prefix_path.dsv
[16.540s] -- Up-to-date: /mnt/hgfs/VMware/ROS2_DEMO/2_Chapter/code/install/cppBaseMsgPub/share/cppBaseMsgPub/environment/path.sh
[16.543s] -- Installing: /mnt/hgfs/VMware/ROS2_DEMO/2_Chapter/code/install/cppBaseMsgPub/share/cppBaseMsgPub/environment/path.dsv
[16.555s] -- Up-to-date: /mnt/hgfs/VMware/ROS2_DEMO/2_Chapter/code/install/cppBaseMsgPub/share/cppBaseMsgPub/local_setup.bash
[16.561s] -- Up-to-date: /mnt/hgfs/VMware/ROS2_DEMO/2_Chapter/code/install/cppBaseMsgPub/share/cppBaseMsgPub/local_setup.sh
[16.564s] -- Up-to-date: /mnt/hgfs/VMware/ROS2_DEMO/2_Chapter/code/install/cppBaseMsgPub/share/cppBaseMsgPub/local_setup.zsh
[16.568s] -- Installing: /mnt/hgfs/VMware/ROS2_DEMO/2_Chapter/code/install/cppBaseMsgPub/share/cppBaseMsgPub/local_setup.dsv
[16.577s] -- Installing: /mnt/hgfs/VMware/ROS2_DEMO/2_Chapter/code/install/cppBaseMsgPub/share/cppBaseMsgPub/package.dsv
[16.590s] -- Up-to-date: /mnt/hgfs/VMware/ROS2_DEMO/2_Chapter/code/install/cppBaseMsgPub/share/ament_index/resource_index/packages/cppBaseMsgPub
[16.594s] -- Up-to-date: /mnt/hgfs/VMware/ROS2_DEMO/2_Chapter/code/install/cppBaseMsgPub/share/cppBaseMsgPub/cmake/cppBaseMsgPubConfig.cmake
[16.600s] -- Up-to-date: /mnt/hgfs/VMware/ROS2_DEMO/2_Chapter/code/install/cppBaseMsgPub/share/cppBaseMsgPub/cmake/cppBaseMsgPubConfig-version.cmake
[16.605s] -- Up-to-date: /mnt/hgfs/VMware/ROS2_DEMO/2_Chapter/code/install/cppBaseMsgPub/share/cppBaseMsgPub/package.xml
[16.608s] Invoked command in '/mnt/hgfs/VMware/ROS2_DEMO/2_Chapter/code/build/cppBaseMsgPub' returned '0': CMAKE_PREFIX_PATH=/opt/ros/humble /usr/bin/cmake --install /mnt/hgfs/VMware/ROS2_DEMO/2_Chapter/code/build/cppBaseMsgPub
