[0.150s] Invoking command in '/mnt/hgfs/VMware/ROS2_DEMO/2_Chapter/code/build/cppBaseMsgSub': CMAKE_PREFIX_PATH=${CMAKE_PREFIX_PATH}:/home/pldz/share/ROS2_DEMO/2_Chapter/code/install/pythonBaseMsgPub:/opt/ros/humble /usr/bin/cmake --build /mnt/hgfs/VMware/ROS2_DEMO/2_Chapter/code/build/cppBaseMsgSub -- -j16 -l16
[0.424s] [100%] Built target cppBaseMsgSubNode
[0.428s] Invoked command in '/mnt/hgfs/VMware/ROS2_DEMO/2_Chapter/code/build/cppBaseMsgSub' returned '0': CMAKE_PREFIX_PATH=${CMAKE_PREFIX_PATH}:/home/pldz/share/ROS2_DEMO/2_Chapter/code/install/pythonBaseMsgPub:/opt/ros/humble /usr/bin/cmake --build /mnt/hgfs/VMware/ROS2_DEMO/2_Chapter/code/build/cppBaseMsgSub -- -j16 -l16
[0.729s] Invoking command in '/mnt/hgfs/VMware/ROS2_DEMO/2_Chapter/code/build/cppBaseMsgSub': CMAKE_PREFIX_PATH=${CMAKE_PREFIX_PATH}:/home/pldz/share/ROS2_DEMO/2_Chapter/code/install/pythonBaseMsgPub:/opt/ros/humble /usr/bin/cmake --install /mnt/hgfs/VMware/ROS2_DEMO/2_Chapter/code/build/cppBaseMsgSub
[0.789s] -- Install configuration: ""
[0.797s] -- Up-to-date: /mnt/hgfs/VMware/ROS2_DEMO/2_Chapter/code/install/cppBaseMsgSub/lib/cppBaseMsgSub/cppBaseMsgSubNode
[0.805s] -- Up-to-date: /mnt/hgfs/VMware/ROS2_DEMO/2_Chapter/code/install/cppBaseMsgSub/share/ament_index/resource_index/package_run_dependencies/cppBaseMsgSub
[0.816s] -- Up-to-date: /mnt/hgfs/VMware/ROS2_DEMO/2_Chapter/code/install/cppBaseMsgSub/share/ament_index/resource_index/parent_prefix_path/cppBaseMsgSub
[0.835s] -- Up-to-date: /mnt/hgfs/VMware/ROS2_DEMO/2_Chapter/code/install/cppBaseMsgSub/share/cppBaseMsgSub/environment/ament_prefix_path.sh
[0.851s] -- Up-to-date: /mnt/hgfs/VMware/ROS2_DEMO/2_Chapter/code/install/cppBaseMsgSub/share/cppBaseMsgSub/environment/ament_prefix_path.dsv
[0.866s] -- Up-to-date: /mnt/hgfs/VMware/ROS2_DEMO/2_Chapter/code/install/cppBaseMsgSub/share/cppBaseMsgSub/environment/path.sh
[0.879s] -- Up-to-date: /mnt/hgfs/VMware/ROS2_DEMO/2_Chapter/code/install/cppBaseMsgSub/share/cppBaseMsgSub/environment/path.dsv
[0.883s] -- Up-to-date: /mnt/hgfs/VMware/ROS2_DEMO/2_Chapter/code/install/cppBaseMsgSub/share/cppBaseMsgSub/local_setup.bash
[0.889s] -- Up-to-date: /mnt/hgfs/VMware/ROS2_DEMO/2_Chapter/code/install/cppBaseMsgSub/share/cppBaseMsgSub/local_setup.sh
[0.894s] -- Up-to-date: /mnt/hgfs/VMware/ROS2_DEMO/2_Chapter/code/install/cppBaseMsgSub/share/cppBaseMsgSub/local_setup.zsh
[0.901s] -- Up-to-date: /mnt/hgfs/VMware/ROS2_DEMO/2_Chapter/code/install/cppBaseMsgSub/share/cppBaseMsgSub/local_setup.dsv
[0.910s] -- Installing: /mnt/hgfs/VMware/ROS2_DEMO/2_Chapter/code/install/cppBaseMsgSub/share/cppBaseMsgSub/package.dsv
[0.922s] -- Up-to-date: /mnt/hgfs/VMware/ROS2_DEMO/2_Chapter/code/install/cppBaseMsgSub/share/ament_index/resource_index/packages/cppBaseMsgSub
[0.936s] -- Up-to-date: /mnt/hgfs/VMware/ROS2_DEMO/2_Chapter/code/install/cppBaseMsgSub/share/cppBaseMsgSub/cmake/cppBaseMsgSubConfig.cmake
[0.946s] -- Up-to-date: /mnt/hgfs/VMware/ROS2_DEMO/2_Chapter/code/install/cppBaseMsgSub/share/cppBaseMsgSub/cmake/cppBaseMsgSubConfig-version.cmake
[0.951s] -- Up-to-date: /mnt/hgfs/VMware/ROS2_DEMO/2_Chapter/code/install/cppBaseMsgSub/share/cppBaseMsgSub/package.xml
[0.989s] Invoked command in '/mnt/hgfs/VMware/ROS2_DEMO/2_Chapter/code/build/cppBaseMsgSub' returned '0': CMAKE_PREFIX_PATH=${CMAKE_PREFIX_PATH}:/home/pldz/share/ROS2_DEMO/2_Chapter/code/install/pythonBaseMsgPub:/opt/ros/humble /usr/bin/cmake --install /mnt/hgfs/VMware/ROS2_DEMO/2_Chapter/code/build/cppBaseMsgSub
