[0.297s] DEBUG:colcon:Command line arguments: ['/usr/bin/colcon', 'build']
[0.297s] DEBUG:colcon:Parsed command line arguments: Namespace(log_base=None, log_level=None, verb_name='build', build_base='build', install_base='install', merge_install=False, symlink_install=False, test_result_base=None, continue_on_error=False, executor='parallel', parallel_workers=16, event_handlers=None, ignore_user_meta=False, metas=['./colcon.meta'], base_paths=['.'], packages_ignore=None, packages_ignore_regex=None, paths=None, packages_up_to=None, packages_up_to_regex=None, packages_above=None, packages_above_and_dependencies=None, packages_above_depth=None, packages_select_by_dep=None, packages_skip_by_dep=None, packages_skip_up_to=None, packages_select_build_failed=False, packages_skip_build_finished=False, packages_select_test_failures=False, packages_skip_test_passed=False, packages_select=None, packages_skip=None, packages_select_regex=None, packages_skip_regex=None, packages_start=None, packages_end=None, allow_overriding=[], cmake_args=None, cmake_target=None, cmake_target_skip_unavailable=False, cmake_clean_cache=False, cmake_clean_first=False, cmake_force_configure=False, ament_cmake_args=None, catkin_cmake_args=None, catkin_skip_building_tests=False, verb_parser=<colcon_defaults.argument_parser.defaults.DefaultArgumentsDecorator object at 0x7fc865691a20>, verb_extension=<colcon_core.verb.build.BuildVerb object at 0x7fc865e997b0>, main=<bound method BuildVerb.main of <colcon_core.verb.build.BuildVerb object at 0x7fc865e997b0>>)
[0.340s] Level 1:colcon.colcon_core.package_discovery:discover_packages(colcon_meta) check parameters
[0.341s] Level 1:colcon.colcon_core.package_discovery:discover_packages(recursive) check parameters
[0.341s] Level 1:colcon.colcon_core.package_discovery:discover_packages(ignore) check parameters
[0.341s] Level 1:colcon.colcon_core.package_discovery:discover_packages(path) check parameters
[0.342s] Level 1:colcon.colcon_core.package_discovery:discover_packages(colcon_meta) discover
[0.343s] Level 1:colcon.colcon_core.package_discovery:discover_packages(recursive) discover
[0.343s] INFO:colcon.colcon_core.package_discovery:Crawling recursively for packages in '/mnt/hgfs/VMware/ROS2_DEMO/2_Chapter/code'
[0.346s] Level 1:colcon.colcon_core.package_identification:_identify(.) by extensions ['ignore', 'ignore_ament_install']
[0.346s] Level 1:colcon.colcon_core.package_identification:_identify(.) by extension 'ignore'
[0.347s] Level 1:colcon.colcon_core.package_identification:_identify(.) by extension 'ignore_ament_install'
[0.348s] Level 1:colcon.colcon_core.package_identification:_identify(.) by extensions ['colcon_pkg']
[0.349s] Level 1:colcon.colcon_core.package_identification:_identify(.) by extension 'colcon_pkg'
[0.350s] Level 1:colcon.colcon_core.package_identification:_identify(.) by extensions ['colcon_meta']
[0.350s] Level 1:colcon.colcon_core.package_identification:_identify(.) by extension 'colcon_meta'
[0.350s] Level 1:colcon.colcon_core.package_identification:_identify(.) by extensions ['ros']
[0.351s] Level 1:colcon.colcon_core.package_identification:_identify(.) by extension 'ros'
[0.364s] Level 1:colcon.colcon_core.package_identification:_identify(.) by extensions ['cmake', 'python']
[0.364s] Level 1:colcon.colcon_core.package_identification:_identify(.) by extension 'cmake'
[0.366s] Level 1:colcon.colcon_core.package_identification:_identify(.) by extension 'python'
[0.367s] Level 1:colcon.colcon_core.package_identification:_identify(.) by extensions ['python_setup_py']
[0.367s] Level 1:colcon.colcon_core.package_identification:_identify(.) by extension 'python_setup_py'
[0.370s] Level 1:colcon.colcon_core.package_identification:_identify(build) by extensions ['ignore', 'ignore_ament_install']
[0.370s] Level 1:colcon.colcon_core.package_identification:_identify(build) by extension 'ignore'
[0.371s] Level 1:colcon.colcon_core.package_identification:_identify(build) ignored
[0.373s] Level 1:colcon.colcon_core.package_identification:_identify(cppBaseMsgPub) by extensions ['ignore', 'ignore_ament_install']
[0.374s] Level 1:colcon.colcon_core.package_identification:_identify(cppBaseMsgPub) by extension 'ignore'
[0.375s] Level 1:colcon.colcon_core.package_identification:_identify(cppBaseMsgPub) by extension 'ignore_ament_install'
[0.377s] Level 1:colcon.colcon_core.package_identification:_identify(cppBaseMsgPub) by extensions ['colcon_pkg']
[0.377s] Level 1:colcon.colcon_core.package_identification:_identify(cppBaseMsgPub) by extension 'colcon_pkg'
[0.379s] Level 1:colcon.colcon_core.package_identification:_identify(cppBaseMsgPub) by extensions ['colcon_meta']
[0.379s] Level 1:colcon.colcon_core.package_identification:_identify(cppBaseMsgPub) by extension 'colcon_meta'
[0.380s] Level 1:colcon.colcon_core.package_identification:_identify(cppBaseMsgPub) by extensions ['ros']
[0.380s] Level 1:colcon.colcon_core.package_identification:_identify(cppBaseMsgPub) by extension 'ros'
[0.385s] DEBUG:colcon.colcon_core.package_identification:Package 'cppBaseMsgPub' with type 'ros.ament_cmake' and name 'cppBaseMsgPub'
[0.387s] Level 1:colcon.colcon_core.package_identification:_identify(cppBaseMsgSub) by extensions ['ignore', 'ignore_ament_install']
[0.388s] Level 1:colcon.colcon_core.package_identification:_identify(cppBaseMsgSub) by extension 'ignore'
[0.389s] Level 1:colcon.colcon_core.package_identification:_identify(cppBaseMsgSub) by extension 'ignore_ament_install'
[0.390s] Level 1:colcon.colcon_core.package_identification:_identify(cppBaseMsgSub) by extensions ['colcon_pkg']
[0.391s] Level 1:colcon.colcon_core.package_identification:_identify(cppBaseMsgSub) by extension 'colcon_pkg'
[0.392s] Level 1:colcon.colcon_core.package_identification:_identify(cppBaseMsgSub) by extensions ['colcon_meta']
[0.392s] Level 1:colcon.colcon_core.package_identification:_identify(cppBaseMsgSub) by extension 'colcon_meta'
[0.393s] Level 1:colcon.colcon_core.package_identification:_identify(cppBaseMsgSub) by extensions ['ros']
[0.393s] Level 1:colcon.colcon_core.package_identification:_identify(cppBaseMsgSub) by extension 'ros'
[0.397s] DEBUG:colcon.colcon_core.package_identification:Package 'cppBaseMsgSub' with type 'ros.ament_cmake' and name 'cppBaseMsgSub'
[0.400s] Level 1:colcon.colcon_core.package_identification:_identify(install) by extensions ['ignore', 'ignore_ament_install']
[0.400s] Level 1:colcon.colcon_core.package_identification:_identify(install) by extension 'ignore'
[0.401s] Level 1:colcon.colcon_core.package_identification:_identify(install) ignored
[0.404s] Level 1:colcon.colcon_core.package_identification:_identify(log) by extensions ['ignore', 'ignore_ament_install']
[0.404s] Level 1:colcon.colcon_core.package_identification:_identify(log) by extension 'ignore'
[0.405s] Level 1:colcon.colcon_core.package_identification:_identify(log) ignored
[0.408s] Level 1:colcon.colcon_core.package_identification:_identify(pythonBaseMsgPub) by extensions ['ignore', 'ignore_ament_install']
[0.408s] Level 1:colcon.colcon_core.package_identification:_identify(pythonBaseMsgPub) by extension 'ignore'
[0.410s] Level 1:colcon.colcon_core.package_identification:_identify(pythonBaseMsgPub) by extension 'ignore_ament_install'
[0.411s] Level 1:colcon.colcon_core.package_identification:_identify(pythonBaseMsgPub) by extensions ['colcon_pkg']
[0.411s] Level 1:colcon.colcon_core.package_identification:_identify(pythonBaseMsgPub) by extension 'colcon_pkg'
[0.412s] Level 1:colcon.colcon_core.package_identification:_identify(pythonBaseMsgPub) by extensions ['colcon_meta']
[0.412s] Level 1:colcon.colcon_core.package_identification:_identify(pythonBaseMsgPub) by extension 'colcon_meta'
[0.413s] Level 1:colcon.colcon_core.package_identification:_identify(pythonBaseMsgPub) by extensions ['ros']
[0.414s] Level 1:colcon.colcon_core.package_identification:_identify(pythonBaseMsgPub) by extension 'ros'
[0.417s] DEBUG:colcon.colcon_core.package_identification:Package 'pythonBaseMsgPub' with type 'ros.ament_python' and name 'pythonBaseMsgPub'
[0.419s] Level 1:colcon.colcon_core.package_identification:_identify(pythonBaseMsgSub) by extensions ['ignore', 'ignore_ament_install']
[0.420s] Level 1:colcon.colcon_core.package_identification:_identify(pythonBaseMsgSub) by extension 'ignore'
[0.421s] Level 1:colcon.colcon_core.package_identification:_identify(pythonBaseMsgSub) by extension 'ignore_ament_install'
[0.423s] Level 1:colcon.colcon_core.package_identification:_identify(pythonBaseMsgSub) by extensions ['colcon_pkg']
[0.423s] Level 1:colcon.colcon_core.package_identification:_identify(pythonBaseMsgSub) by extension 'colcon_pkg'
[0.424s] Level 1:colcon.colcon_core.package_identification:_identify(pythonBaseMsgSub) by extensions ['colcon_meta']
[0.425s] Level 1:colcon.colcon_core.package_identification:_identify(pythonBaseMsgSub) by extension 'colcon_meta'
[0.425s] Level 1:colcon.colcon_core.package_identification:_identify(pythonBaseMsgSub) by extensions ['ros']
[0.426s] Level 1:colcon.colcon_core.package_identification:_identify(pythonBaseMsgSub) by extension 'ros'
[0.430s] DEBUG:colcon.colcon_core.package_identification:Package 'pythonBaseMsgSub' with type 'ros.ament_python' and name 'pythonBaseMsgSub'
[0.430s] Level 1:colcon.colcon_core.package_discovery:discover_packages(recursive) using defaults
[0.431s] Level 1:colcon.colcon_core.package_discovery:discover_packages(ignore) discover
[0.431s] Level 1:colcon.colcon_core.package_discovery:discover_packages(ignore) using defaults
[0.432s] Level 1:colcon.colcon_core.package_discovery:discover_packages(path) discover
[0.432s] Level 1:colcon.colcon_core.package_discovery:discover_packages(path) using defaults
[0.461s] Level 1:colcon.colcon_core.package_discovery:discover_packages(prefix_path) check parameters
[0.462s] Level 1:colcon.colcon_core.package_discovery:discover_packages(prefix_path) discover
[0.494s] DEBUG:colcon.colcon_installed_package_information.package_discovery:Found 4 installed packages in /home/pldz/share/ROS2_DEMO/2_Chapter/code/install
[0.496s] DEBUG:colcon.colcon_installed_package_information.package_discovery:Found 270 installed packages in /opt/ros/humble
[0.499s] Level 1:colcon.colcon_core.package_discovery:discover_packages(prefix_path) using defaults
[0.562s] Level 5:colcon.colcon_core.verb:set package 'cppBaseMsgPub' build argument 'cmake_args' from command line to 'None'
[0.562s] Level 5:colcon.colcon_core.verb:set package 'cppBaseMsgPub' build argument 'cmake_target' from command line to 'None'
[0.563s] Level 5:colcon.colcon_core.verb:set package 'cppBaseMsgPub' build argument 'cmake_target_skip_unavailable' from command line to 'False'
[0.563s] Level 5:colcon.colcon_core.verb:set package 'cppBaseMsgPub' build argument 'cmake_clean_cache' from command line to 'False'
[0.564s] Level 5:colcon.colcon_core.verb:set package 'cppBaseMsgPub' build argument 'cmake_clean_first' from command line to 'False'
[0.564s] Level 5:colcon.colcon_core.verb:set package 'cppBaseMsgPub' build argument 'cmake_force_configure' from command line to 'False'
[0.565s] Level 5:colcon.colcon_core.verb:set package 'cppBaseMsgPub' build argument 'ament_cmake_args' from command line to 'None'
[0.565s] Level 5:colcon.colcon_core.verb:set package 'cppBaseMsgPub' build argument 'catkin_cmake_args' from command line to 'None'
[0.565s] Level 5:colcon.colcon_core.verb:set package 'cppBaseMsgPub' build argument 'catkin_skip_building_tests' from command line to 'False'
[0.566s] DEBUG:colcon.colcon_core.verb:Building package 'cppBaseMsgPub' with the following arguments: {'ament_cmake_args': None, 'build_base': '/mnt/hgfs/VMware/ROS2_DEMO/2_Chapter/code/build/cppBaseMsgPub', 'catkin_cmake_args': None, 'catkin_skip_building_tests': False, 'cmake_args': None, 'cmake_clean_cache': False, 'cmake_clean_first': False, 'cmake_force_configure': False, 'cmake_target': None, 'cmake_target_skip_unavailable': False, 'install_base': '/mnt/hgfs/VMware/ROS2_DEMO/2_Chapter/code/install/cppBaseMsgPub', 'merge_install': False, 'path': '/mnt/hgfs/VMware/ROS2_DEMO/2_Chapter/code/cppBaseMsgPub', 'symlink_install': False, 'test_result_base': None}
[0.567s] Level 5:colcon.colcon_core.verb:set package 'cppBaseMsgSub' build argument 'cmake_args' from command line to 'None'
[0.568s] Level 5:colcon.colcon_core.verb:set package 'cppBaseMsgSub' build argument 'cmake_target' from command line to 'None'
[0.568s] Level 5:colcon.colcon_core.verb:set package 'cppBaseMsgSub' build argument 'cmake_target_skip_unavailable' from command line to 'False'
[0.569s] Level 5:colcon.colcon_core.verb:set package 'cppBaseMsgSub' build argument 'cmake_clean_cache' from command line to 'False'
[0.570s] Level 5:colcon.colcon_core.verb:set package 'cppBaseMsgSub' build argument 'cmake_clean_first' from command line to 'False'
[0.571s] Level 5:colcon.colcon_core.verb:set package 'cppBaseMsgSub' build argument 'cmake_force_configure' from command line to 'False'
[0.571s] Level 5:colcon.colcon_core.verb:set package 'cppBaseMsgSub' build argument 'ament_cmake_args' from command line to 'None'
[0.572s] Level 5:colcon.colcon_core.verb:set package 'cppBaseMsgSub' build argument 'catkin_cmake_args' from command line to 'None'
[0.573s] Level 5:colcon.colcon_core.verb:set package 'cppBaseMsgSub' build argument 'catkin_skip_building_tests' from command line to 'False'
[0.574s] DEBUG:colcon.colcon_core.verb:Building package 'cppBaseMsgSub' with the following arguments: {'ament_cmake_args': None, 'build_base': '/mnt/hgfs/VMware/ROS2_DEMO/2_Chapter/code/build/cppBaseMsgSub', 'catkin_cmake_args': None, 'catkin_skip_building_tests': False, 'cmake_args': None, 'cmake_clean_cache': False, 'cmake_clean_first': False, 'cmake_force_configure': False, 'cmake_target': None, 'cmake_target_skip_unavailable': False, 'install_base': '/mnt/hgfs/VMware/ROS2_DEMO/2_Chapter/code/install/cppBaseMsgSub', 'merge_install': False, 'path': '/mnt/hgfs/VMware/ROS2_DEMO/2_Chapter/code/cppBaseMsgSub', 'symlink_install': False, 'test_result_base': None}
[0.575s] Level 5:colcon.colcon_core.verb:set package 'pythonBaseMsgPub' build argument 'cmake_args' from command line to 'None'
[0.575s] Level 5:colcon.colcon_core.verb:set package 'pythonBaseMsgPub' build argument 'cmake_target' from command line to 'None'
[0.575s] Level 5:colcon.colcon_core.verb:set package 'pythonBaseMsgPub' build argument 'cmake_target_skip_unavailable' from command line to 'False'
[0.576s] Level 5:colcon.colcon_core.verb:set package 'pythonBaseMsgPub' build argument 'cmake_clean_cache' from command line to 'False'
[0.577s] Level 5:colcon.colcon_core.verb:set package 'pythonBaseMsgPub' build argument 'cmake_clean_first' from command line to 'False'
[0.577s] Level 5:colcon.colcon_core.verb:set package 'pythonBaseMsgPub' build argument 'cmake_force_configure' from command line to 'False'
[0.578s] Level 5:colcon.colcon_core.verb:set package 'pythonBaseMsgPub' build argument 'ament_cmake_args' from command line to 'None'
[0.578s] Level 5:colcon.colcon_core.verb:set package 'pythonBaseMsgPub' build argument 'catkin_cmake_args' from command line to 'None'
[0.579s] Level 5:colcon.colcon_core.verb:set package 'pythonBaseMsgPub' build argument 'catkin_skip_building_tests' from command line to 'False'
[0.579s] DEBUG:colcon.colcon_core.verb:Building package 'pythonBaseMsgPub' with the following arguments: {'ament_cmake_args': None, 'build_base': '/mnt/hgfs/VMware/ROS2_DEMO/2_Chapter/code/build/pythonBaseMsgPub', 'catkin_cmake_args': None, 'catkin_skip_building_tests': False, 'cmake_args': None, 'cmake_clean_cache': False, 'cmake_clean_first': False, 'cmake_force_configure': False, 'cmake_target': None, 'cmake_target_skip_unavailable': False, 'install_base': '/mnt/hgfs/VMware/ROS2_DEMO/2_Chapter/code/install/pythonBaseMsgPub', 'merge_install': False, 'path': '/mnt/hgfs/VMware/ROS2_DEMO/2_Chapter/code/pythonBaseMsgPub', 'symlink_install': False, 'test_result_base': None}
[0.580s] Level 5:colcon.colcon_core.verb:set package 'pythonBaseMsgSub' build argument 'cmake_args' from command line to 'None'
[0.581s] Level 5:colcon.colcon_core.verb:set package 'pythonBaseMsgSub' build argument 'cmake_target' from command line to 'None'
[0.581s] Level 5:colcon.colcon_core.verb:set package 'pythonBaseMsgSub' build argument 'cmake_target_skip_unavailable' from command line to 'False'
[0.582s] Level 5:colcon.colcon_core.verb:set package 'pythonBaseMsgSub' build argument 'cmake_clean_cache' from command line to 'False'
[0.583s] Level 5:colcon.colcon_core.verb:set package 'pythonBaseMsgSub' build argument 'cmake_clean_first' from command line to 'False'
[0.583s] Level 5:colcon.colcon_core.verb:set package 'pythonBaseMsgSub' build argument 'cmake_force_configure' from command line to 'False'
[0.584s] Level 5:colcon.colcon_core.verb:set package 'pythonBaseMsgSub' build argument 'ament_cmake_args' from command line to 'None'
[0.584s] Level 5:colcon.colcon_core.verb:set package 'pythonBaseMsgSub' build argument 'catkin_cmake_args' from command line to 'None'
[0.585s] Level 5:colcon.colcon_core.verb:set package 'pythonBaseMsgSub' build argument 'catkin_skip_building_tests' from command line to 'False'
[0.585s] DEBUG:colcon.colcon_core.verb:Building package 'pythonBaseMsgSub' with the following arguments: {'ament_cmake_args': None, 'build_base': '/mnt/hgfs/VMware/ROS2_DEMO/2_Chapter/code/build/pythonBaseMsgSub', 'catkin_cmake_args': None, 'catkin_skip_building_tests': False, 'cmake_args': None, 'cmake_clean_cache': False, 'cmake_clean_first': False, 'cmake_force_configure': False, 'cmake_target': None, 'cmake_target_skip_unavailable': False, 'install_base': '/mnt/hgfs/VMware/ROS2_DEMO/2_Chapter/code/install/pythonBaseMsgSub', 'merge_install': False, 'path': '/mnt/hgfs/VMware/ROS2_DEMO/2_Chapter/code/pythonBaseMsgSub', 'symlink_install': False, 'test_result_base': None}
[0.587s] INFO:colcon.colcon_core.executor:Executing jobs using 'parallel' executor
[0.590s] DEBUG:colcon.colcon_parallel_executor.executor.parallel:run_until_complete
[0.591s] INFO:colcon.colcon_ros.task.ament_cmake.build:Building ROS package in '/mnt/hgfs/VMware/ROS2_DEMO/2_Chapter/code/cppBaseMsgPub' with build type 'ament_cmake'
[0.592s] INFO:colcon.colcon_cmake.task.cmake.build:Building CMake package in '/mnt/hgfs/VMware/ROS2_DEMO/2_Chapter/code/cppBaseMsgPub'
[0.598s] INFO:colcon.colcon_core.plugin_system:Skipping extension 'colcon_core.shell.bat': Not used on non-Windows systems
[0.598s] INFO:colcon.colcon_core.shell:Skip shell extension 'powershell' for command environment: Not usable outside of PowerShell
[0.599s] DEBUG:colcon.colcon_core.shell:Skip shell extension 'dsv' for command environment
[0.618s] INFO:colcon.colcon_ros.task.ament_cmake.build:Building ROS package in '/mnt/hgfs/VMware/ROS2_DEMO/2_Chapter/code/cppBaseMsgSub' with build type 'ament_cmake'
[0.618s] INFO:colcon.colcon_cmake.task.cmake.build:Building CMake package in '/mnt/hgfs/VMware/ROS2_DEMO/2_Chapter/code/cppBaseMsgSub'
[0.620s] INFO:colcon.colcon_core.shell:Skip shell extension 'powershell' for command environment: Not usable outside of PowerShell
[0.621s] DEBUG:colcon.colcon_core.shell:Skip shell extension 'dsv' for command environment
[0.640s] INFO:colcon.colcon_ros.task.ament_python.build:Building ROS package in '/mnt/hgfs/VMware/ROS2_DEMO/2_Chapter/code/pythonBaseMsgPub' with build type 'ament_python'
[0.641s] Level 1:colcon.colcon_core.shell:create_environment_hook('pythonBaseMsgPub', 'ament_prefix_path')
[0.644s] INFO:colcon.colcon_core.shell:Creating environment hook '/mnt/hgfs/VMware/ROS2_DEMO/2_Chapter/code/install/pythonBaseMsgPub/share/pythonBaseMsgPub/hook/ament_prefix_path.ps1'
[0.650s] INFO:colcon.colcon_core.shell:Creating environment descriptor '/mnt/hgfs/VMware/ROS2_DEMO/2_Chapter/code/install/pythonBaseMsgPub/share/pythonBaseMsgPub/hook/ament_prefix_path.dsv'
[0.655s] INFO:colcon.colcon_core.shell:Creating environment hook '/mnt/hgfs/VMware/ROS2_DEMO/2_Chapter/code/install/pythonBaseMsgPub/share/pythonBaseMsgPub/hook/ament_prefix_path.sh'
[0.661s] INFO:colcon.colcon_core.shell:Skip shell extension 'powershell' for command environment: Not usable outside of PowerShell
[0.661s] DEBUG:colcon.colcon_core.shell:Skip shell extension 'dsv' for command environment
[0.684s] INFO:colcon.colcon_ros.task.ament_python.build:Building ROS package in '/mnt/hgfs/VMware/ROS2_DEMO/2_Chapter/code/pythonBaseMsgSub' with build type 'ament_python'
[0.685s] Level 1:colcon.colcon_core.shell:create_environment_hook('pythonBaseMsgSub', 'ament_prefix_path')
[0.689s] INFO:colcon.colcon_core.shell:Creating environment hook '/mnt/hgfs/VMware/ROS2_DEMO/2_Chapter/code/install/pythonBaseMsgSub/share/pythonBaseMsgSub/hook/ament_prefix_path.ps1'
[0.694s] INFO:colcon.colcon_core.shell:Creating environment descriptor '/mnt/hgfs/VMware/ROS2_DEMO/2_Chapter/code/install/pythonBaseMsgSub/share/pythonBaseMsgSub/hook/ament_prefix_path.dsv'
[0.697s] INFO:colcon.colcon_core.shell:Creating environment hook '/mnt/hgfs/VMware/ROS2_DEMO/2_Chapter/code/install/pythonBaseMsgSub/share/pythonBaseMsgSub/hook/ament_prefix_path.sh'
[0.702s] INFO:colcon.colcon_core.shell:Skip shell extension 'powershell' for command environment: Not usable outside of PowerShell
[0.703s] DEBUG:colcon.colcon_core.shell:Skip shell extension 'dsv' for command environment
[0.750s] DEBUG:colcon.colcon_core.event_handler.log_command:Invoking command in '/mnt/hgfs/VMware/ROS2_DEMO/2_Chapter/code/build/cppBaseMsgPub': CMAKE_PREFIX_PATH=${CMAKE_PREFIX_PATH}:/home/pldz/share/ROS2_DEMO/2_Chapter/code/install/pythonBaseMsgPub:/opt/ros/humble /usr/bin/cmake --build /mnt/hgfs/VMware/ROS2_DEMO/2_Chapter/code/build/cppBaseMsgPub -- -j16 -l16
[0.768s] DEBUG:colcon.colcon_core.event_handler.log_command:Invoking command in '/mnt/hgfs/VMware/ROS2_DEMO/2_Chapter/code/build/cppBaseMsgSub': CMAKE_PREFIX_PATH=${CMAKE_PREFIX_PATH}:/home/pldz/share/ROS2_DEMO/2_Chapter/code/install/pythonBaseMsgPub:/opt/ros/humble /usr/bin/cmake --build /mnt/hgfs/VMware/ROS2_DEMO/2_Chapter/code/build/cppBaseMsgSub -- -j16 -l16
[1.018s] INFO:colcon.colcon_core.task.python.build:Building Python package in '/mnt/hgfs/VMware/ROS2_DEMO/2_Chapter/code/pythonBaseMsgPub'
[1.019s] INFO:colcon.colcon_core.shell:Skip shell extension 'powershell' for command environment: Not usable outside of PowerShell
[1.020s] DEBUG:colcon.colcon_core.shell:Skip shell extension 'dsv' for command environment
[1.291s] INFO:colcon.colcon_core.task.python.build:Building Python package in '/mnt/hgfs/VMware/ROS2_DEMO/2_Chapter/code/pythonBaseMsgSub'
[1.292s] INFO:colcon.colcon_core.shell:Skip shell extension 'powershell' for command environment: Not usable outside of PowerShell
[1.293s] DEBUG:colcon.colcon_core.shell:Skip shell extension 'dsv' for command environment
[1.317s] DEBUG:colcon.colcon_core.event_handler.log_command:Invoked command in '/mnt/hgfs/VMware/ROS2_DEMO/2_Chapter/code/build/cppBaseMsgPub' returned '0': CMAKE_PREFIX_PATH=${CMAKE_PREFIX_PATH}:/home/pldz/share/ROS2_DEMO/2_Chapter/code/install/pythonBaseMsgPub:/opt/ros/humble /usr/bin/cmake --build /mnt/hgfs/VMware/ROS2_DEMO/2_Chapter/code/build/cppBaseMsgPub -- -j16 -l16
[1.323s] DEBUG:colcon.colcon_core.event_handler.log_command:Invoked command in '/mnt/hgfs/VMware/ROS2_DEMO/2_Chapter/code/build/cppBaseMsgSub' returned '0': CMAKE_PREFIX_PATH=${CMAKE_PREFIX_PATH}:/home/pldz/share/ROS2_DEMO/2_Chapter/code/install/pythonBaseMsgPub:/opt/ros/humble /usr/bin/cmake --build /mnt/hgfs/VMware/ROS2_DEMO/2_Chapter/code/build/cppBaseMsgSub -- -j16 -l16
[1.359s] DEBUG:colcon.colcon_core.event_handler.log_command:Invoking command in '/mnt/hgfs/VMware/ROS2_DEMO/2_Chapter/code/build/cppBaseMsgPub': CMAKE_PREFIX_PATH=${CMAKE_PREFIX_PATH}:/home/pldz/share/ROS2_DEMO/2_Chapter/code/install/pythonBaseMsgPub:/opt/ros/humble /usr/bin/cmake --install /mnt/hgfs/VMware/ROS2_DEMO/2_Chapter/code/build/cppBaseMsgPub
[1.366s] DEBUG:colcon.colcon_core.event_handler.log_command:Invoking command in '/mnt/hgfs/VMware/ROS2_DEMO/2_Chapter/code/build/cppBaseMsgSub': CMAKE_PREFIX_PATH=${CMAKE_PREFIX_PATH}:/home/pldz/share/ROS2_DEMO/2_Chapter/code/install/pythonBaseMsgPub:/opt/ros/humble /usr/bin/cmake --install /mnt/hgfs/VMware/ROS2_DEMO/2_Chapter/code/build/cppBaseMsgSub
[1.474s] Level 1:colcon.colcon_core.environment:create_environment_scripts_only(cppBaseMsgPub)
[1.482s] Level 1:colcon.colcon_core.environment:checking '/mnt/hgfs/VMware/ROS2_DEMO/2_Chapter/code/install/cppBaseMsgPub' for CMake module files
[1.512s] Level 1:colcon.colcon_core.environment:checking '/mnt/hgfs/VMware/ROS2_DEMO/2_Chapter/code/install/cppBaseMsgPub' for CMake config files
[1.543s] Level 1:colcon.colcon_core.shell:create_environment_hook('cppBaseMsgPub', 'cmake_prefix_path')
[1.545s] INFO:colcon.colcon_core.shell:Creating environment hook '/mnt/hgfs/VMware/ROS2_DEMO/2_Chapter/code/install/cppBaseMsgPub/share/cppBaseMsgPub/hook/cmake_prefix_path.ps1'
[1.545s] DEBUG:colcon.colcon_core.event_handler.log_command:Invoked command in '/mnt/hgfs/VMware/ROS2_DEMO/2_Chapter/code/build/cppBaseMsgPub' returned '0': CMAKE_PREFIX_PATH=${CMAKE_PREFIX_PATH}:/home/pldz/share/ROS2_DEMO/2_Chapter/code/install/pythonBaseMsgPub:/opt/ros/humble /usr/bin/cmake --install /mnt/hgfs/VMware/ROS2_DEMO/2_Chapter/code/build/cppBaseMsgPub
[1.548s] INFO:colcon.colcon_core.shell:Creating environment descriptor '/mnt/hgfs/VMware/ROS2_DEMO/2_Chapter/code/install/cppBaseMsgPub/share/cppBaseMsgPub/hook/cmake_prefix_path.dsv'
[1.552s] INFO:colcon.colcon_core.shell:Creating environment hook '/mnt/hgfs/VMware/ROS2_DEMO/2_Chapter/code/install/cppBaseMsgPub/share/cppBaseMsgPub/hook/cmake_prefix_path.sh'
[1.558s] Level 1:colcon.colcon_core.environment:checking '/mnt/hgfs/VMware/ROS2_DEMO/2_Chapter/code/install/cppBaseMsgPub/lib'
[1.560s] Level 1:colcon.colcon_core.environment:checking '/mnt/hgfs/VMware/ROS2_DEMO/2_Chapter/code/install/cppBaseMsgPub/bin'
[1.560s] Level 1:colcon.colcon_core.environment:checking '/mnt/hgfs/VMware/ROS2_DEMO/2_Chapter/code/install/cppBaseMsgPub/lib/pkgconfig/cppBaseMsgPub.pc'
[1.561s] Level 1:colcon.colcon_core.environment:checking '/mnt/hgfs/VMware/ROS2_DEMO/2_Chapter/code/install/cppBaseMsgPub/lib/python3.10/site-packages'
[1.562s] Level 1:colcon.colcon_core.environment:checking '/mnt/hgfs/VMware/ROS2_DEMO/2_Chapter/code/install/cppBaseMsgPub/bin'
[1.564s] INFO:colcon.colcon_core.shell:Creating package script '/mnt/hgfs/VMware/ROS2_DEMO/2_Chapter/code/install/cppBaseMsgPub/share/cppBaseMsgPub/package.ps1'
[1.566s] INFO:colcon.colcon_core.shell:Creating package descriptor '/mnt/hgfs/VMware/ROS2_DEMO/2_Chapter/code/install/cppBaseMsgPub/share/cppBaseMsgPub/package.dsv'
[1.568s] INFO:colcon.colcon_core.shell:Creating package script '/mnt/hgfs/VMware/ROS2_DEMO/2_Chapter/code/install/cppBaseMsgPub/share/cppBaseMsgPub/package.sh'
[1.571s] INFO:colcon.colcon_core.shell:Creating package script '/mnt/hgfs/VMware/ROS2_DEMO/2_Chapter/code/install/cppBaseMsgPub/share/cppBaseMsgPub/package.bash'
[1.574s] INFO:colcon.colcon_core.shell:Creating package script '/mnt/hgfs/VMware/ROS2_DEMO/2_Chapter/code/install/cppBaseMsgPub/share/cppBaseMsgPub/package.zsh'
[1.576s] Level 1:colcon.colcon_core.environment:create_file_with_runtime_dependencies(/mnt/hgfs/VMware/ROS2_DEMO/2_Chapter/code/install/cppBaseMsgPub/share/colcon-core/packages/cppBaseMsgPub)
[1.583s] Level 1:colcon.colcon_core.environment:create_environment_scripts_only(cppBaseMsgSub)
[1.587s] Level 1:colcon.colcon_core.environment:checking '/mnt/hgfs/VMware/ROS2_DEMO/2_Chapter/code/install/cppBaseMsgSub' for CMake module files
[1.588s] DEBUG:colcon.colcon_core.event_handler.log_command:Invoked command in '/mnt/hgfs/VMware/ROS2_DEMO/2_Chapter/code/build/cppBaseMsgSub' returned '0': CMAKE_PREFIX_PATH=${CMAKE_PREFIX_PATH}:/home/pldz/share/ROS2_DEMO/2_Chapter/code/install/pythonBaseMsgPub:/opt/ros/humble /usr/bin/cmake --install /mnt/hgfs/VMware/ROS2_DEMO/2_Chapter/code/build/cppBaseMsgSub
[1.613s] Level 1:colcon.colcon_core.environment:checking '/mnt/hgfs/VMware/ROS2_DEMO/2_Chapter/code/install/cppBaseMsgSub' for CMake config files
[1.630s] Level 1:colcon.colcon_core.shell:create_environment_hook('cppBaseMsgSub', 'cmake_prefix_path')
[1.632s] INFO:colcon.colcon_core.shell:Creating environment hook '/mnt/hgfs/VMware/ROS2_DEMO/2_Chapter/code/install/cppBaseMsgSub/share/cppBaseMsgSub/hook/cmake_prefix_path.ps1'
[1.635s] INFO:colcon.colcon_core.shell:Creating environment descriptor '/mnt/hgfs/VMware/ROS2_DEMO/2_Chapter/code/install/cppBaseMsgSub/share/cppBaseMsgSub/hook/cmake_prefix_path.dsv'
[1.638s] INFO:colcon.colcon_core.shell:Creating environment hook '/mnt/hgfs/VMware/ROS2_DEMO/2_Chapter/code/install/cppBaseMsgSub/share/cppBaseMsgSub/hook/cmake_prefix_path.sh'
[1.643s] Level 1:colcon.colcon_core.environment:checking '/mnt/hgfs/VMware/ROS2_DEMO/2_Chapter/code/install/cppBaseMsgSub/lib'
[1.645s] Level 1:colcon.colcon_core.environment:checking '/mnt/hgfs/VMware/ROS2_DEMO/2_Chapter/code/install/cppBaseMsgSub/bin'
[1.646s] Level 1:colcon.colcon_core.environment:checking '/mnt/hgfs/VMware/ROS2_DEMO/2_Chapter/code/install/cppBaseMsgSub/lib/pkgconfig/cppBaseMsgSub.pc'
[1.647s] Level 1:colcon.colcon_core.environment:checking '/mnt/hgfs/VMware/ROS2_DEMO/2_Chapter/code/install/cppBaseMsgSub/lib/python3.10/site-packages'
[1.648s] Level 1:colcon.colcon_core.environment:checking '/mnt/hgfs/VMware/ROS2_DEMO/2_Chapter/code/install/cppBaseMsgSub/bin'
[1.650s] INFO:colcon.colcon_core.shell:Creating package script '/mnt/hgfs/VMware/ROS2_DEMO/2_Chapter/code/install/cppBaseMsgSub/share/cppBaseMsgSub/package.ps1'
[1.652s] INFO:colcon.colcon_core.shell:Creating package descriptor '/mnt/hgfs/VMware/ROS2_DEMO/2_Chapter/code/install/cppBaseMsgSub/share/cppBaseMsgSub/package.dsv'
[1.655s] INFO:colcon.colcon_core.shell:Creating package script '/mnt/hgfs/VMware/ROS2_DEMO/2_Chapter/code/install/cppBaseMsgSub/share/cppBaseMsgSub/package.sh'
[1.657s] INFO:colcon.colcon_core.shell:Creating package script '/mnt/hgfs/VMware/ROS2_DEMO/2_Chapter/code/install/cppBaseMsgSub/share/cppBaseMsgSub/package.bash'
[1.660s] INFO:colcon.colcon_core.shell:Creating package script '/mnt/hgfs/VMware/ROS2_DEMO/2_Chapter/code/install/cppBaseMsgSub/share/cppBaseMsgSub/package.zsh'
[1.662s] Level 1:colcon.colcon_core.environment:create_file_with_runtime_dependencies(/mnt/hgfs/VMware/ROS2_DEMO/2_Chapter/code/install/cppBaseMsgSub/share/colcon-core/packages/cppBaseMsgSub)
[1.668s] Level 1:colcon.colcon_core.environment:create_environment_scripts_only(cppBaseMsgPub)
[1.671s] Level 1:colcon.colcon_core.environment:checking '/mnt/hgfs/VMware/ROS2_DEMO/2_Chapter/code/install/cppBaseMsgPub' for CMake module files
[1.682s] Level 1:colcon.colcon_core.environment:checking '/mnt/hgfs/VMware/ROS2_DEMO/2_Chapter/code/install/cppBaseMsgPub' for CMake config files
[1.696s] Level 1:colcon.colcon_core.shell:create_environment_hook('cppBaseMsgPub', 'cmake_prefix_path')
[1.698s] INFO:colcon.colcon_core.shell:Creating environment hook '/mnt/hgfs/VMware/ROS2_DEMO/2_Chapter/code/install/cppBaseMsgPub/share/cppBaseMsgPub/hook/cmake_prefix_path.ps1'
[1.700s] INFO:colcon.colcon_core.shell:Creating environment descriptor '/mnt/hgfs/VMware/ROS2_DEMO/2_Chapter/code/install/cppBaseMsgPub/share/cppBaseMsgPub/hook/cmake_prefix_path.dsv'
[1.703s] INFO:colcon.colcon_core.shell:Creating environment hook '/mnt/hgfs/VMware/ROS2_DEMO/2_Chapter/code/install/cppBaseMsgPub/share/cppBaseMsgPub/hook/cmake_prefix_path.sh'
[1.708s] Level 1:colcon.colcon_core.environment:checking '/mnt/hgfs/VMware/ROS2_DEMO/2_Chapter/code/install/cppBaseMsgPub/lib'
[1.710s] Level 1:colcon.colcon_core.environment:checking '/mnt/hgfs/VMware/ROS2_DEMO/2_Chapter/code/install/cppBaseMsgPub/bin'
[1.710s] Level 1:colcon.colcon_core.environment:checking '/mnt/hgfs/VMware/ROS2_DEMO/2_Chapter/code/install/cppBaseMsgPub/lib/pkgconfig/cppBaseMsgPub.pc'
[1.711s] Level 1:colcon.colcon_core.environment:checking '/mnt/hgfs/VMware/ROS2_DEMO/2_Chapter/code/install/cppBaseMsgPub/lib/python3.10/site-packages'
[1.713s] Level 1:colcon.colcon_core.environment:checking '/mnt/hgfs/VMware/ROS2_DEMO/2_Chapter/code/install/cppBaseMsgPub/bin'
[1.715s] INFO:colcon.colcon_core.shell:Creating package script '/mnt/hgfs/VMware/ROS2_DEMO/2_Chapter/code/install/cppBaseMsgPub/share/cppBaseMsgPub/package.ps1'
[1.716s] INFO:colcon.colcon_core.shell:Creating package descriptor '/mnt/hgfs/VMware/ROS2_DEMO/2_Chapter/code/install/cppBaseMsgPub/share/cppBaseMsgPub/package.dsv'
[1.719s] INFO:colcon.colcon_core.shell:Creating package script '/mnt/hgfs/VMware/ROS2_DEMO/2_Chapter/code/install/cppBaseMsgPub/share/cppBaseMsgPub/package.sh'
[1.721s] INFO:colcon.colcon_core.shell:Creating package script '/mnt/hgfs/VMware/ROS2_DEMO/2_Chapter/code/install/cppBaseMsgPub/share/cppBaseMsgPub/package.bash'
[1.724s] INFO:colcon.colcon_core.shell:Creating package script '/mnt/hgfs/VMware/ROS2_DEMO/2_Chapter/code/install/cppBaseMsgPub/share/cppBaseMsgPub/package.zsh'
[1.726s] Level 1:colcon.colcon_core.environment:create_file_with_runtime_dependencies(/mnt/hgfs/VMware/ROS2_DEMO/2_Chapter/code/install/cppBaseMsgPub/share/colcon-core/packages/cppBaseMsgPub)
[1.736s] Level 1:colcon.colcon_core.environment:create_environment_scripts_only(cppBaseMsgSub)
[1.739s] Level 1:colcon.colcon_core.environment:checking '/mnt/hgfs/VMware/ROS2_DEMO/2_Chapter/code/install/cppBaseMsgSub' for CMake module files
[1.748s] DEBUG:colcon.colcon_core.event_handler.log_command:Invoking command in '/mnt/hgfs/VMware/ROS2_DEMO/2_Chapter/code/pythonBaseMsgPub': PYTHONPATH=/mnt/hgfs/VMware/ROS2_DEMO/2_Chapter/code/build/pythonBaseMsgPub/prefix_override:/mnt/hgfs/VMware/ROS2_DEMO/2_Chapter/code/install/pythonBaseMsgPub/lib/python3.10/site-packages:${PYTHONPATH} /usr/bin/python3 setup.py egg_info --egg-base ../build/pythonBaseMsgPub build --build-base /mnt/hgfs/VMware/ROS2_DEMO/2_Chapter/code/build/pythonBaseMsgPub/build install --record /mnt/hgfs/VMware/ROS2_DEMO/2_Chapter/code/build/pythonBaseMsgPub/install.log --single-version-externally-managed
[1.755s] Level 1:colcon.colcon_core.environment:checking '/mnt/hgfs/VMware/ROS2_DEMO/2_Chapter/code/install/cppBaseMsgSub' for CMake config files
[1.770s] Level 1:colcon.colcon_core.shell:create_environment_hook('cppBaseMsgSub', 'cmake_prefix_path')
[1.771s] INFO:colcon.colcon_core.shell:Creating environment hook '/mnt/hgfs/VMware/ROS2_DEMO/2_Chapter/code/install/cppBaseMsgSub/share/cppBaseMsgSub/hook/cmake_prefix_path.ps1'
[1.774s] INFO:colcon.colcon_core.shell:Creating environment descriptor '/mnt/hgfs/VMware/ROS2_DEMO/2_Chapter/code/install/cppBaseMsgSub/share/cppBaseMsgSub/hook/cmake_prefix_path.dsv'
[1.776s] INFO:colcon.colcon_core.shell:Creating environment hook '/mnt/hgfs/VMware/ROS2_DEMO/2_Chapter/code/install/cppBaseMsgSub/share/cppBaseMsgSub/hook/cmake_prefix_path.sh'
[1.779s] Level 1:colcon.colcon_core.environment:checking '/mnt/hgfs/VMware/ROS2_DEMO/2_Chapter/code/install/cppBaseMsgSub/lib'
[1.781s] Level 1:colcon.colcon_core.environment:checking '/mnt/hgfs/VMware/ROS2_DEMO/2_Chapter/code/install/cppBaseMsgSub/bin'
[1.782s] Level 1:colcon.colcon_core.environment:checking '/mnt/hgfs/VMware/ROS2_DEMO/2_Chapter/code/install/cppBaseMsgSub/lib/pkgconfig/cppBaseMsgSub.pc'
[1.783s] Level 1:colcon.colcon_core.environment:checking '/mnt/hgfs/VMware/ROS2_DEMO/2_Chapter/code/install/cppBaseMsgSub/lib/python3.10/site-packages'
[1.784s] Level 1:colcon.colcon_core.environment:checking '/mnt/hgfs/VMware/ROS2_DEMO/2_Chapter/code/install/cppBaseMsgSub/bin'
[1.785s] INFO:colcon.colcon_core.shell:Creating package script '/mnt/hgfs/VMware/ROS2_DEMO/2_Chapter/code/install/cppBaseMsgSub/share/cppBaseMsgSub/package.ps1'
[1.788s] INFO:colcon.colcon_core.shell:Creating package descriptor '/mnt/hgfs/VMware/ROS2_DEMO/2_Chapter/code/install/cppBaseMsgSub/share/cppBaseMsgSub/package.dsv'
[1.790s] INFO:colcon.colcon_core.shell:Creating package script '/mnt/hgfs/VMware/ROS2_DEMO/2_Chapter/code/install/cppBaseMsgSub/share/cppBaseMsgSub/package.sh'
[1.792s] INFO:colcon.colcon_core.shell:Creating package script '/mnt/hgfs/VMware/ROS2_DEMO/2_Chapter/code/install/cppBaseMsgSub/share/cppBaseMsgSub/package.bash'
[1.794s] INFO:colcon.colcon_core.shell:Creating package script '/mnt/hgfs/VMware/ROS2_DEMO/2_Chapter/code/install/cppBaseMsgSub/share/cppBaseMsgSub/package.zsh'
[1.796s] Level 1:colcon.colcon_core.environment:create_file_with_runtime_dependencies(/mnt/hgfs/VMware/ROS2_DEMO/2_Chapter/code/install/cppBaseMsgSub/share/colcon-core/packages/cppBaseMsgSub)
[1.816s] DEBUG:colcon.colcon_core.event_handler.log_command:Invoking command in '/mnt/hgfs/VMware/ROS2_DEMO/2_Chapter/code/pythonBaseMsgSub': PYTHONPATH=/mnt/hgfs/VMware/ROS2_DEMO/2_Chapter/code/build/pythonBaseMsgSub/prefix_override:/mnt/hgfs/VMware/ROS2_DEMO/2_Chapter/code/install/pythonBaseMsgSub/lib/python3.10/site-packages:${PYTHONPATH} /usr/bin/python3 setup.py egg_info --egg-base ../build/pythonBaseMsgSub build --build-base /mnt/hgfs/VMware/ROS2_DEMO/2_Chapter/code/build/pythonBaseMsgSub/build install --record /mnt/hgfs/VMware/ROS2_DEMO/2_Chapter/code/build/pythonBaseMsgSub/install.log --single-version-externally-managed
[2.241s] Level 1:colcon.colcon_core.environment:checking '/mnt/hgfs/VMware/ROS2_DEMO/2_Chapter/code/install/pythonBaseMsgPub' for CMake module files
[2.244s] DEBUG:colcon.colcon_core.event_handler.log_command:Invoked command in '/mnt/hgfs/VMware/ROS2_DEMO/2_Chapter/code/pythonBaseMsgPub' returned '0': PYTHONPATH=/mnt/hgfs/VMware/ROS2_DEMO/2_Chapter/code/build/pythonBaseMsgPub/prefix_override:/mnt/hgfs/VMware/ROS2_DEMO/2_Chapter/code/install/pythonBaseMsgPub/lib/python3.10/site-packages:${PYTHONPATH} /usr/bin/python3 setup.py egg_info --egg-base ../build/pythonBaseMsgPub build --build-base /mnt/hgfs/VMware/ROS2_DEMO/2_Chapter/code/build/pythonBaseMsgPub/build install --record /mnt/hgfs/VMware/ROS2_DEMO/2_Chapter/code/build/pythonBaseMsgPub/install.log --single-version-externally-managed
[2.256s] Level 1:colcon.colcon_core.environment:checking '/mnt/hgfs/VMware/ROS2_DEMO/2_Chapter/code/install/pythonBaseMsgPub' for CMake config files
[2.281s] Level 1:colcon.colcon_core.environment:checking '/mnt/hgfs/VMware/ROS2_DEMO/2_Chapter/code/install/pythonBaseMsgPub/lib'
[2.283s] Level 1:colcon.colcon_core.environment:checking '/mnt/hgfs/VMware/ROS2_DEMO/2_Chapter/code/install/pythonBaseMsgPub/bin'
[2.284s] Level 1:colcon.colcon_core.environment:checking '/mnt/hgfs/VMware/ROS2_DEMO/2_Chapter/code/install/pythonBaseMsgPub/lib/pkgconfig/pythonBaseMsgPub.pc'
[2.285s] Level 1:colcon.colcon_core.environment:checking '/mnt/hgfs/VMware/ROS2_DEMO/2_Chapter/code/install/pythonBaseMsgPub/lib/python3.10/site-packages'
[2.285s] Level 1:colcon.colcon_core.shell:create_environment_hook('pythonBaseMsgPub', 'pythonpath')
[2.287s] INFO:colcon.colcon_core.shell:Creating environment hook '/mnt/hgfs/VMware/ROS2_DEMO/2_Chapter/code/install/pythonBaseMsgPub/share/pythonBaseMsgPub/hook/pythonpath.ps1'
[2.290s] INFO:colcon.colcon_core.shell:Creating environment descriptor '/mnt/hgfs/VMware/ROS2_DEMO/2_Chapter/code/install/pythonBaseMsgPub/share/pythonBaseMsgPub/hook/pythonpath.dsv'
[2.292s] INFO:colcon.colcon_core.shell:Creating environment hook '/mnt/hgfs/VMware/ROS2_DEMO/2_Chapter/code/install/pythonBaseMsgPub/share/pythonBaseMsgPub/hook/pythonpath.sh'
[2.296s] Level 1:colcon.colcon_core.environment:checking '/mnt/hgfs/VMware/ROS2_DEMO/2_Chapter/code/install/pythonBaseMsgPub/bin'
[2.297s] Level 1:colcon.colcon_core.environment:create_environment_scripts_only(pythonBaseMsgPub)
[2.299s] INFO:colcon.colcon_core.shell:Creating package script '/mnt/hgfs/VMware/ROS2_DEMO/2_Chapter/code/install/pythonBaseMsgPub/share/pythonBaseMsgPub/package.ps1'
[2.301s] INFO:colcon.colcon_core.shell:Creating package descriptor '/mnt/hgfs/VMware/ROS2_DEMO/2_Chapter/code/install/pythonBaseMsgPub/share/pythonBaseMsgPub/package.dsv'
[2.304s] INFO:colcon.colcon_core.shell:Creating package script '/mnt/hgfs/VMware/ROS2_DEMO/2_Chapter/code/install/pythonBaseMsgPub/share/pythonBaseMsgPub/package.sh'
[2.306s] INFO:colcon.colcon_core.shell:Creating package script '/mnt/hgfs/VMware/ROS2_DEMO/2_Chapter/code/install/pythonBaseMsgPub/share/pythonBaseMsgPub/package.bash'
[2.308s] INFO:colcon.colcon_core.shell:Creating package script '/mnt/hgfs/VMware/ROS2_DEMO/2_Chapter/code/install/pythonBaseMsgPub/share/pythonBaseMsgPub/package.zsh'
[2.310s] Level 1:colcon.colcon_core.environment:create_file_with_runtime_dependencies(/mnt/hgfs/VMware/ROS2_DEMO/2_Chapter/code/install/pythonBaseMsgPub/share/colcon-core/packages/pythonBaseMsgPub)
[2.316s] Level 1:colcon.colcon_core.environment:checking '/mnt/hgfs/VMware/ROS2_DEMO/2_Chapter/code/install/pythonBaseMsgSub' for CMake module files
[2.321s] DEBUG:colcon.colcon_core.event_handler.log_command:Invoked command in '/mnt/hgfs/VMware/ROS2_DEMO/2_Chapter/code/pythonBaseMsgSub' returned '0': PYTHONPATH=/mnt/hgfs/VMware/ROS2_DEMO/2_Chapter/code/build/pythonBaseMsgSub/prefix_override:/mnt/hgfs/VMware/ROS2_DEMO/2_Chapter/code/install/pythonBaseMsgSub/lib/python3.10/site-packages:${PYTHONPATH} /usr/bin/python3 setup.py egg_info --egg-base ../build/pythonBaseMsgSub build --build-base /mnt/hgfs/VMware/ROS2_DEMO/2_Chapter/code/build/pythonBaseMsgSub/build install --record /mnt/hgfs/VMware/ROS2_DEMO/2_Chapter/code/build/pythonBaseMsgSub/install.log --single-version-externally-managed
[2.329s] Level 1:colcon.colcon_core.environment:checking '/mnt/hgfs/VMware/ROS2_DEMO/2_Chapter/code/install/pythonBaseMsgSub' for CMake config files
[2.348s] Level 1:colcon.colcon_core.environment:checking '/mnt/hgfs/VMware/ROS2_DEMO/2_Chapter/code/install/pythonBaseMsgSub/lib'
[2.349s] Level 1:colcon.colcon_core.environment:checking '/mnt/hgfs/VMware/ROS2_DEMO/2_Chapter/code/install/pythonBaseMsgSub/bin'
[2.350s] Level 1:colcon.colcon_core.environment:checking '/mnt/hgfs/VMware/ROS2_DEMO/2_Chapter/code/install/pythonBaseMsgSub/lib/pkgconfig/pythonBaseMsgSub.pc'
[2.351s] Level 1:colcon.colcon_core.environment:checking '/mnt/hgfs/VMware/ROS2_DEMO/2_Chapter/code/install/pythonBaseMsgSub/lib/python3.10/site-packages'
[2.351s] Level 1:colcon.colcon_core.shell:create_environment_hook('pythonBaseMsgSub', 'pythonpath')
[2.353s] INFO:colcon.colcon_core.shell:Creating environment hook '/mnt/hgfs/VMware/ROS2_DEMO/2_Chapter/code/install/pythonBaseMsgSub/share/pythonBaseMsgSub/hook/pythonpath.ps1'
[2.356s] INFO:colcon.colcon_core.shell:Creating environment descriptor '/mnt/hgfs/VMware/ROS2_DEMO/2_Chapter/code/install/pythonBaseMsgSub/share/pythonBaseMsgSub/hook/pythonpath.dsv'
[2.359s] INFO:colcon.colcon_core.shell:Creating environment hook '/mnt/hgfs/VMware/ROS2_DEMO/2_Chapter/code/install/pythonBaseMsgSub/share/pythonBaseMsgSub/hook/pythonpath.sh'
[2.361s] Level 1:colcon.colcon_core.environment:checking '/mnt/hgfs/VMware/ROS2_DEMO/2_Chapter/code/install/pythonBaseMsgSub/bin'
[2.362s] Level 1:colcon.colcon_core.environment:create_environment_scripts_only(pythonBaseMsgSub)
[2.363s] INFO:colcon.colcon_core.shell:Creating package script '/mnt/hgfs/VMware/ROS2_DEMO/2_Chapter/code/install/pythonBaseMsgSub/share/pythonBaseMsgSub/package.ps1'
[2.366s] INFO:colcon.colcon_core.shell:Creating package descriptor '/mnt/hgfs/VMware/ROS2_DEMO/2_Chapter/code/install/pythonBaseMsgSub/share/pythonBaseMsgSub/package.dsv'
[2.368s] INFO:colcon.colcon_core.shell:Creating package script '/mnt/hgfs/VMware/ROS2_DEMO/2_Chapter/code/install/pythonBaseMsgSub/share/pythonBaseMsgSub/package.sh'
[2.370s] INFO:colcon.colcon_core.shell:Creating package script '/mnt/hgfs/VMware/ROS2_DEMO/2_Chapter/code/install/pythonBaseMsgSub/share/pythonBaseMsgSub/package.bash'
[2.373s] INFO:colcon.colcon_core.shell:Creating package script '/mnt/hgfs/VMware/ROS2_DEMO/2_Chapter/code/install/pythonBaseMsgSub/share/pythonBaseMsgSub/package.zsh'
[2.374s] Level 1:colcon.colcon_core.environment:create_file_with_runtime_dependencies(/mnt/hgfs/VMware/ROS2_DEMO/2_Chapter/code/install/pythonBaseMsgSub/share/colcon-core/packages/pythonBaseMsgSub)
[2.377s] DEBUG:colcon.colcon_parallel_executor.executor.parallel:closing loop
[2.378s] DEBUG:colcon.colcon_parallel_executor.executor.parallel:loop closed
[2.379s] DEBUG:colcon.colcon_parallel_executor.executor.parallel:run_until_complete finished with '0'
[2.381s] DEBUG:colcon.colcon_core.event_reactor:joining thread
[2.392s] INFO:colcon.colcon_core.plugin_system:Skipping extension 'colcon_notification.desktop_notification.terminal_notifier': Not used on non-Darwin systems
[2.392s] INFO:colcon.colcon_core.plugin_system:Skipping extension 'colcon_notification.desktop_notification.win32': Not used on non-Windows systems
[2.393s] INFO:colcon.colcon_notification.desktop_notification:Sending desktop notification using 'notify2'
[2.403s] DEBUG:colcon.colcon_core.event_reactor:joined thread
[2.405s] INFO:colcon.colcon_core.shell:Creating prefix script '/mnt/hgfs/VMware/ROS2_DEMO/2_Chapter/code/install/local_setup.ps1'
[2.407s] INFO:colcon.colcon_core.shell:Creating prefix util module '/mnt/hgfs/VMware/ROS2_DEMO/2_Chapter/code/install/_local_setup_util_ps1.py'
[2.410s] INFO:colcon.colcon_core.shell:Creating prefix chain script '/mnt/hgfs/VMware/ROS2_DEMO/2_Chapter/code/install/setup.ps1'
[2.422s] INFO:colcon.colcon_core.shell:Creating prefix script '/mnt/hgfs/VMware/ROS2_DEMO/2_Chapter/code/install/local_setup.sh'
[2.425s] INFO:colcon.colcon_core.shell:Creating prefix util module '/mnt/hgfs/VMware/ROS2_DEMO/2_Chapter/code/install/_local_setup_util_sh.py'
[2.427s] INFO:colcon.colcon_core.shell:Creating prefix chain script '/mnt/hgfs/VMware/ROS2_DEMO/2_Chapter/code/install/setup.sh'
[2.437s] INFO:colcon.colcon_core.shell:Creating prefix script '/mnt/hgfs/VMware/ROS2_DEMO/2_Chapter/code/install/local_setup.bash'
[2.440s] INFO:colcon.colcon_core.shell:Creating prefix chain script '/mnt/hgfs/VMware/ROS2_DEMO/2_Chapter/code/install/setup.bash'
[2.449s] INFO:colcon.colcon_core.shell:Creating prefix script '/mnt/hgfs/VMware/ROS2_DEMO/2_Chapter/code/install/local_setup.zsh'
[2.451s] INFO:colcon.colcon_core.shell:Creating prefix chain script '/mnt/hgfs/VMware/ROS2_DEMO/2_Chapter/code/install/setup.zsh'
