running egg_info
creating ../build/pythonBaseMsgSub/pythonBaseMsgSub.egg-info
writing ../build/pythonBaseMsgSub/pythonBaseMsgSub.egg-info/PKG-INFO
writing dependency_links to ../build/pythonBaseMsgSub/pythonBaseMsgSub.egg-info/dependency_links.txt
writing entry points to ../build/pythonBaseMsgSub/pythonBaseMsgSub.egg-info/entry_points.txt
writing requirements to ../build/pythonBaseMsgSub/pythonBaseMsgSub.egg-info/requires.txt
writing top-level names to ../build/pythonBaseMsgSub/pythonBaseMsgSub.egg-info/top_level.txt
writing manifest file '../build/pythonBaseMsgSub/pythonBaseMsgSub.egg-info/SOURCES.txt'
reading manifest file '../build/pythonBaseMsgSub/pythonBaseMsgSub.egg-info/SOURCES.txt'
writing manifest file '../build/pythonBaseMsgSub/pythonBaseMsgSub.egg-info/SOURCES.txt'
running build
running build_py
creating /mnt/hgfs/VMware/ROS2_DEMO/2_Chapter/code/build/pythonBaseMsgSub/build
creating /mnt/hgfs/VMware/ROS2_DEMO/2_Chapter/code/build/pythonBaseMsgSub/build/lib
creating /mnt/hgfs/VMware/ROS2_DEMO/2_Chapter/code/build/pythonBaseMsgSub/build/lib/pythonBaseMsgSub
copying pythonBaseMsgSub/pythonBaseMsgSubNode.py -> /mnt/hgfs/VMware/ROS2_DEMO/2_Chapter/code/build/pythonBaseMsgSub/build/lib/pythonBaseMsgSub
copying pythonBaseMsgSub/__init__.py -> /mnt/hgfs/VMware/ROS2_DEMO/2_Chapter/code/build/pythonBaseMsgSub/build/lib/pythonBaseMsgSub
running install
running install_lib
creating /mnt/hgfs/VMware/ROS2_DEMO/2_Chapter/code/install/pythonBaseMsgSub/lib/python3.10/site-packages/pythonBaseMsgSub
copying /mnt/hgfs/VMware/ROS2_DEMO/2_Chapter/code/build/pythonBaseMsgSub/build/lib/pythonBaseMsgSub/pythonBaseMsgSubNode.py -> /mnt/hgfs/VMware/ROS2_DEMO/2_Chapter/code/install/pythonBaseMsgSub/lib/python3.10/site-packages/pythonBaseMsgSub
copying /mnt/hgfs/VMware/ROS2_DEMO/2_Chapter/code/build/pythonBaseMsgSub/build/lib/pythonBaseMsgSub/__init__.py -> /mnt/hgfs/VMware/ROS2_DEMO/2_Chapter/code/install/pythonBaseMsgSub/lib/python3.10/site-packages/pythonBaseMsgSub
byte-compiling /mnt/hgfs/VMware/ROS2_DEMO/2_Chapter/code/install/pythonBaseMsgSub/lib/python3.10/site-packages/pythonBaseMsgSub/pythonBaseMsgSubNode.py to pythonBaseMsgSubNode.cpython-310.pyc
byte-compiling /mnt/hgfs/VMware/ROS2_DEMO/2_Chapter/code/install/pythonBaseMsgSub/lib/python3.10/site-packages/pythonBaseMsgSub/__init__.py to __init__.cpython-310.pyc
running install_data
creating /mnt/hgfs/VMware/ROS2_DEMO/2_Chapter/code/install/pythonBaseMsgSub/share/ament_index
creating /mnt/hgfs/VMware/ROS2_DEMO/2_Chapter/code/install/pythonBaseMsgSub/share/ament_index/resource_index
creating /mnt/hgfs/VMware/ROS2_DEMO/2_Chapter/code/install/pythonBaseMsgSub/share/ament_index/resource_index/packages
copying resource/pythonBaseMsgSub -> /mnt/hgfs/VMware/ROS2_DEMO/2_Chapter/code/install/pythonBaseMsgSub/share/ament_index/resource_index/packages
copying package.xml -> /mnt/hgfs/VMware/ROS2_DEMO/2_Chapter/code/install/pythonBaseMsgSub/share/pythonBaseMsgSub
running install_egg_info
Copying ../build/pythonBaseMsgSub/pythonBaseMsgSub.egg-info to /mnt/hgfs/VMware/ROS2_DEMO/2_Chapter/code/install/pythonBaseMsgSub/lib/python3.10/site-packages/pythonBaseMsgSub-0.0.0-py3.10.egg-info
running install_scripts
Installing pythonBaseMsgSubNode script to /mnt/hgfs/VMware/ROS2_DEMO/2_Chapter/code/install/pythonBaseMsgSub/lib/pythonBaseMsgSub
writing list of installed files to '/mnt/hgfs/VMware/ROS2_DEMO/2_Chapter/code/build/pythonBaseMsgSub/install.log'
