[1.177s] Invoking command in '/mnt/hgfs/VMware/ROS2_DEMO/2_Chapter/code/pythonBaseMsgSub': PYTHONPATH=/mnt/hgfs/VMware/ROS2_DEMO/2_Chapter/code/build/pythonBaseMsgSub/prefix_override:/mnt/hgfs/VMware/ROS2_DEMO/2_Chapter/code/install/pythonBaseMsgSub/lib/python3.10/site-packages:${PYTHONPATH} /usr/bin/python3 setup.py egg_info --egg-base ../build/pythonBaseMsgSub build --build-base /mnt/hgfs/VMware/ROS2_DEMO/2_Chapter/code/build/pythonBaseMsgSub/build install --record /mnt/hgfs/VMware/ROS2_DEMO/2_Chapter/code/build/pythonBaseMsgSub/install.log --single-version-externally-managed
[1.405s] running egg_info
[1.411s] creating ../build/pythonBaseMsgSub/pythonBaseMsgSub.egg-info
[1.420s] writing ../build/pythonBaseMsgSub/pythonBaseMsgSub.egg-info/PKG-INFO
[1.439s] writing dependency_links to ../build/pythonBaseMsgSub/pythonBaseMsgSub.egg-info/dependency_links.txt
[1.449s] writing entry points to ../build/pythonBaseMsgSub/pythonBaseMsgSub.egg-info/entry_points.txt
[1.462s] writing requirements to ../build/pythonBaseMsgSub/pythonBaseMsgSub.egg-info/requires.txt
[1.471s] writing top-level names to ../build/pythonBaseMsgSub/pythonBaseMsgSub.egg-info/top_level.txt
[1.476s] writing manifest file '../build/pythonBaseMsgSub/pythonBaseMsgSub.egg-info/SOURCES.txt'
[1.481s] reading manifest file '../build/pythonBaseMsgSub/pythonBaseMsgSub.egg-info/SOURCES.txt'
[1.490s] writing manifest file '../build/pythonBaseMsgSub/pythonBaseMsgSub.egg-info/SOURCES.txt'
[1.496s] running build
[1.501s] running build_py
[1.524s] creating /mnt/hgfs/VMware/ROS2_DEMO/2_Chapter/code/build/pythonBaseMsgSub/build
[1.529s] creating /mnt/hgfs/VMware/ROS2_DEMO/2_Chapter/code/build/pythonBaseMsgSub/build/lib
[1.533s] creating /mnt/hgfs/VMware/ROS2_DEMO/2_Chapter/code/build/pythonBaseMsgSub/build/lib/pythonBaseMsgSub
[1.565s] copying pythonBaseMsgSub/pythonBaseMsgSubNode.py -> /mnt/hgfs/VMware/ROS2_DEMO/2_Chapter/code/build/pythonBaseMsgSub/build/lib/pythonBaseMsgSub
[1.570s] copying pythonBaseMsgSub/__init__.py -> /mnt/hgfs/VMware/ROS2_DEMO/2_Chapter/code/build/pythonBaseMsgSub/build/lib/pythonBaseMsgSub
[1.581s] running install
[1.585s] /usr/lib/python3/dist-packages/setuptools/command/install.py:34: SetuptoolsDeprecationWarning: setup.py install is deprecated. Use build and pip and other standards-based tools.
[1.590s]   warnings.warn(
[1.595s] running install_lib
[1.612s] creating /mnt/hgfs/VMware/ROS2_DEMO/2_Chapter/code/install/pythonBaseMsgSub/lib/python3.10/site-packages/pythonBaseMsgSub
[1.615s] copying /mnt/hgfs/VMware/ROS2_DEMO/2_Chapter/code/build/pythonBaseMsgSub/build/lib/pythonBaseMsgSub/pythonBaseMsgSubNode.py -> /mnt/hgfs/VMware/ROS2_DEMO/2_Chapter/code/install/pythonBaseMsgSub/lib/python3.10/site-packages/pythonBaseMsgSub
[1.621s] copying /mnt/hgfs/VMware/ROS2_DEMO/2_Chapter/code/build/pythonBaseMsgSub/build/lib/pythonBaseMsgSub/__init__.py -> /mnt/hgfs/VMware/ROS2_DEMO/2_Chapter/code/install/pythonBaseMsgSub/lib/python3.10/site-packages/pythonBaseMsgSub
[1.632s] byte-compiling /mnt/hgfs/VMware/ROS2_DEMO/2_Chapter/code/install/pythonBaseMsgSub/lib/python3.10/site-packages/pythonBaseMsgSub/pythonBaseMsgSubNode.py to pythonBaseMsgSubNode.cpython-310.pyc
[1.636s] byte-compiling /mnt/hgfs/VMware/ROS2_DEMO/2_Chapter/code/install/pythonBaseMsgSub/lib/python3.10/site-packages/pythonBaseMsgSub/__init__.py to __init__.cpython-310.pyc
[1.645s] running install_data
[1.650s] creating /mnt/hgfs/VMware/ROS2_DEMO/2_Chapter/code/install/pythonBaseMsgSub/share/ament_index
[1.655s] creating /mnt/hgfs/VMware/ROS2_DEMO/2_Chapter/code/install/pythonBaseMsgSub/share/ament_index/resource_index
[1.659s] creating /mnt/hgfs/VMware/ROS2_DEMO/2_Chapter/code/install/pythonBaseMsgSub/share/ament_index/resource_index/packages
[1.664s] copying resource/pythonBaseMsgSub -> /mnt/hgfs/VMware/ROS2_DEMO/2_Chapter/code/install/pythonBaseMsgSub/share/ament_index/resource_index/packages
[1.668s] copying package.xml -> /mnt/hgfs/VMware/ROS2_DEMO/2_Chapter/code/install/pythonBaseMsgSub/share/pythonBaseMsgSub
[1.674s] running install_egg_info
[1.678s] Copying ../build/pythonBaseMsgSub/pythonBaseMsgSub.egg-info to /mnt/hgfs/VMware/ROS2_DEMO/2_Chapter/code/install/pythonBaseMsgSub/lib/python3.10/site-packages/pythonBaseMsgSub-0.0.0-py3.10.egg-info
[1.712s] running install_scripts
[1.739s] Installing pythonBaseMsgSubNode script to /mnt/hgfs/VMware/ROS2_DEMO/2_Chapter/code/install/pythonBaseMsgSub/lib/pythonBaseMsgSub
[1.753s] writing list of installed files to '/mnt/hgfs/VMware/ROS2_DEMO/2_Chapter/code/build/pythonBaseMsgSub/install.log'
[1.831s] Invoked command in '/mnt/hgfs/VMware/ROS2_DEMO/2_Chapter/code/pythonBaseMsgSub' returned '0': PYTHONPATH=/mnt/hgfs/VMware/ROS2_DEMO/2_Chapter/code/build/pythonBaseMsgSub/prefix_override:/mnt/hgfs/VMware/ROS2_DEMO/2_Chapter/code/install/pythonBaseMsgSub/lib/python3.10/site-packages:${PYTHONPATH} /usr/bin/python3 setup.py egg_info --egg-base ../build/pythonBaseMsgSub build --build-base /mnt/hgfs/VMware/ROS2_DEMO/2_Chapter/code/build/pythonBaseMsgSub/build install --record /mnt/hgfs/VMware/ROS2_DEMO/2_Chapter/code/build/pythonBaseMsgSub/install.log --single-version-externally-managed
