[0.070s] Invoking command in '/mnt/hgfs/VMware/ROS2_DEMO/2_Chapter/code/build/cppBaseMsgPub': CMAKE_PREFIX_PATH=/opt/ros/humble /usr/bin/cmake --build /mnt/hgfs/VMware/ROS2_DEMO/2_Chapter/code/build/cppBaseMsgPub -- -j16 -l16
[0.186s] [100%] Built target cppBaseMsgPubNode
[0.339s] Invoked command in '/mnt/hgfs/VMware/ROS2_DEMO/2_Chapter/code/build/cppBaseMsgPub' returned '0': CMAKE_PREFIX_PATH=/opt/ros/humble /usr/bin/cmake --build /mnt/hgfs/VMware/ROS2_DEMO/2_Chapter/code/build/cppBaseMsgPub -- -j16 -l16
[0.384s] Invoking command in '/mnt/hgfs/VMware/ROS2_DEMO/2_Chapter/code/build/cppBaseMsgPub': CMAKE_PREFIX_PATH=/opt/ros/humble /usr/bin/cmake --install /mnt/hgfs/VMware/ROS2_DEMO/2_Chapter/code/build/cppBaseMsgPub
[0.397s] -- Install configuration: ""
[0.408s] -- Up-to-date: /mnt/hgfs/VMware/ROS2_DEMO/2_Chapter/code/install/cppBaseMsgPub/lib/cppBaseMsgPub/cppBaseMsgPubNode
[0.421s] -- Up-to-date: /mnt/hgfs/VMware/ROS2_DEMO/2_Chapter/code/install/cppBaseMsgPub/share/ament_index/resource_index/package_run_dependencies/cppBaseMsgPub
[0.427s] -- Up-to-date: /mnt/hgfs/VMware/ROS2_DEMO/2_Chapter/code/install/cppBaseMsgPub/share/ament_index/resource_index/parent_prefix_path/cppBaseMsgPub
[0.430s] -- Up-to-date: /mnt/hgfs/VMware/ROS2_DEMO/2_Chapter/code/install/cppBaseMsgPub/share/cppBaseMsgPub/environment/ament_prefix_path.sh
[0.436s] -- Up-to-date: /mnt/hgfs/VMware/ROS2_DEMO/2_Chapter/code/install/cppBaseMsgPub/share/cppBaseMsgPub/environment/ament_prefix_path.dsv
[0.439s] -- Up-to-date: /mnt/hgfs/VMware/ROS2_DEMO/2_Chapter/code/install/cppBaseMsgPub/share/cppBaseMsgPub/environment/path.sh
[0.443s] -- Up-to-date: /mnt/hgfs/VMware/ROS2_DEMO/2_Chapter/code/install/cppBaseMsgPub/share/cppBaseMsgPub/environment/path.dsv
[0.447s] -- Up-to-date: /mnt/hgfs/VMware/ROS2_DEMO/2_Chapter/code/install/cppBaseMsgPub/share/cppBaseMsgPub/local_setup.bash
[0.451s] -- Up-to-date: /mnt/hgfs/VMware/ROS2_DEMO/2_Chapter/code/install/cppBaseMsgPub/share/cppBaseMsgPub/local_setup.sh
[0.455s] -- Up-to-date: /mnt/hgfs/VMware/ROS2_DEMO/2_Chapter/code/install/cppBaseMsgPub/share/cppBaseMsgPub/local_setup.zsh
[0.459s] -- Up-to-date: /mnt/hgfs/VMware/ROS2_DEMO/2_Chapter/code/install/cppBaseMsgPub/share/cppBaseMsgPub/local_setup.dsv
[0.463s] -- Installing: /mnt/hgfs/VMware/ROS2_DEMO/2_Chapter/code/install/cppBaseMsgPub/share/cppBaseMsgPub/package.dsv
[0.468s] -- Up-to-date: /mnt/hgfs/VMware/ROS2_DEMO/2_Chapter/code/install/cppBaseMsgPub/share/ament_index/resource_index/packages/cppBaseMsgPub
[0.473s] -- Up-to-date: /mnt/hgfs/VMware/ROS2_DEMO/2_Chapter/code/install/cppBaseMsgPub/share/cppBaseMsgPub/cmake/cppBaseMsgPubConfig.cmake
[0.477s] -- Up-to-date: /mnt/hgfs/VMware/ROS2_DEMO/2_Chapter/code/install/cppBaseMsgPub/share/cppBaseMsgPub/cmake/cppBaseMsgPubConfig-version.cmake
[0.479s] -- Up-to-date: /mnt/hgfs/VMware/ROS2_DEMO/2_Chapter/code/install/cppBaseMsgPub/share/cppBaseMsgPub/package.xml
[0.482s] Invoked command in '/mnt/hgfs/VMware/ROS2_DEMO/2_Chapter/code/build/cppBaseMsgPub' returned '0': CMAKE_PREFIX_PATH=/opt/ros/humble /usr/bin/cmake --install /mnt/hgfs/VMware/ROS2_DEMO/2_Chapter/code/build/cppBaseMsgPub
