running egg_info
writing ../build/pythonBaseMsgSub/pythonBaseMsgSub.egg-info/PKG-INFO
writing dependency_links to ../build/pythonBaseMsgSub/pythonBaseMsgSub.egg-info/dependency_links.txt
writing entry points to ../build/pythonBaseMsgSub/pythonBaseMsgSub.egg-info/entry_points.txt
writing requirements to ../build/pythonBaseMsgSub/pythonBaseMsgSub.egg-info/requires.txt
writing top-level names to ../build/pythonBaseMsgSub/pythonBaseMsgSub.egg-info/top_level.txt
reading manifest file '../build/pythonBaseMsgSub/pythonBaseMsgSub.egg-info/SOURCES.txt'
writing manifest file '../build/pythonBaseMsgSub/pythonBaseMsgSub.egg-info/SOURCES.txt'
running build
running build_py
copying pythonBaseMsgSub/pythonBaseMsgSubNode.py -> /mnt/hgfs/VMware/ROS2_DEMO/2_Chapter/code/build/pythonBaseMsgSub/build/lib/pythonBaseMsgSub
running install
/usr/lib/python3/dist-packages/setuptools/command/install.py:34: SetuptoolsDeprecationWarning: setup.py install is deprecated. Use build and pip and other standards-based tools.
  warnings.warn(
running install_lib
copying /mnt/hgfs/VMware/ROS2_DEMO/2_Chapter/code/build/pythonBaseMsgSub/build/lib/pythonBaseMsgSub/pythonBaseMsgSubNode.py -> /mnt/hgfs/VMware/ROS2_DEMO/2_Chapter/code/install/pythonBaseMsgSub/lib/python3.10/site-packages/pythonBaseMsgSub
byte-compiling /mnt/hgfs/VMware/ROS2_DEMO/2_Chapter/code/install/pythonBaseMsgSub/lib/python3.10/site-packages/pythonBaseMsgSub/pythonBaseMsgSubNode.py to pythonBaseMsgSubNode.cpython-310.pyc
running install_data
running install_egg_info
removing '/mnt/hgfs/VMware/ROS2_DEMO/2_Chapter/code/install/pythonBaseMsgSub/lib/python3.10/site-packages/pythonBaseMsgSub-0.0.0-py3.10.egg-info' (and everything under it)
Copying ../build/pythonBaseMsgSub/pythonBaseMsgSub.egg-info to /mnt/hgfs/VMware/ROS2_DEMO/2_Chapter/code/install/pythonBaseMsgSub/lib/python3.10/site-packages/pythonBaseMsgSub-0.0.0-py3.10.egg-info
running install_scripts
Installing pythonBaseMsgSubNode script to /mnt/hgfs/VMware/ROS2_DEMO/2_Chapter/code/install/pythonBaseMsgSub/lib/pythonBaseMsgSub
writing list of installed files to '/mnt/hgfs/VMware/ROS2_DEMO/2_Chapter/code/build/pythonBaseMsgSub/install.log'
