[1.130s] Invoking command in '/mnt/hgfs/VMware/ROS2_DEMO/2_Chapter/code/pythonBaseMsgSub': PYTHONPATH=/mnt/hgfs/VMware/ROS2_DEMO/2_Chapter/code/build/pythonBaseMsgSub/prefix_override:/mnt/hgfs/VMware/ROS2_DEMO/2_Chapter/code/install/pythonBaseMsgSub/lib/python3.10/site-packages:${PYTHONPATH} /usr/bin/python3 setup.py egg_info --egg-base ../build/pythonBaseMsgSub build --build-base /mnt/hgfs/VMware/ROS2_DEMO/2_Chapter/code/build/pythonBaseMsgSub/build install --record /mnt/hgfs/VMware/ROS2_DEMO/2_Chapter/code/build/pythonBaseMsgSub/install.log --single-version-externally-managed
[1.388s] running egg_info
[1.390s] writing ../build/pythonBaseMsgSub/pythonBaseMsgSub.egg-info/PKG-INFO
[1.407s] writing dependency_links to ../build/pythonBaseMsgSub/pythonBaseMsgSub.egg-info/dependency_links.txt
[1.413s] writing entry points to ../build/pythonBaseMsgSub/pythonBaseMsgSub.egg-info/entry_points.txt
[1.415s] writing requirements to ../build/pythonBaseMsgSub/pythonBaseMsgSub.egg-info/requires.txt
[1.425s] writing top-level names to ../build/pythonBaseMsgSub/pythonBaseMsgSub.egg-info/top_level.txt
[1.438s] reading manifest file '../build/pythonBaseMsgSub/pythonBaseMsgSub.egg-info/SOURCES.txt'
[1.445s] writing manifest file '../build/pythonBaseMsgSub/pythonBaseMsgSub.egg-info/SOURCES.txt'
[1.450s] running build
[1.453s] running build_py
[1.458s] copying pythonBaseMsgSub/pythonBaseMsgSubNode.py -> /mnt/hgfs/VMware/ROS2_DEMO/2_Chapter/code/build/pythonBaseMsgSub/build/lib/pythonBaseMsgSub
[1.466s] running install
[1.471s] /usr/lib/python3/dist-packages/setuptools/command/install.py:34: SetuptoolsDeprecationWarning: setup.py install is deprecated. Use build and pip and other standards-based tools.
[1.476s]   warnings.warn(
[1.479s] running install_lib
[1.486s] copying /mnt/hgfs/VMware/ROS2_DEMO/2_Chapter/code/build/pythonBaseMsgSub/build/lib/pythonBaseMsgSub/pythonBaseMsgSubNode.py -> /mnt/hgfs/VMware/ROS2_DEMO/2_Chapter/code/install/pythonBaseMsgSub/lib/python3.10/site-packages/pythonBaseMsgSub
[1.490s] byte-compiling /mnt/hgfs/VMware/ROS2_DEMO/2_Chapter/code/install/pythonBaseMsgSub/lib/python3.10/site-packages/pythonBaseMsgSub/pythonBaseMsgSubNode.py to pythonBaseMsgSubNode.cpython-310.pyc
[1.497s] running install_data
[1.500s] running install_egg_info
[1.503s] removing '/mnt/hgfs/VMware/ROS2_DEMO/2_Chapter/code/install/pythonBaseMsgSub/lib/python3.10/site-packages/pythonBaseMsgSub-0.0.0-py3.10.egg-info' (and everything under it)
[1.517s] Copying ../build/pythonBaseMsgSub/pythonBaseMsgSub.egg-info to /mnt/hgfs/VMware/ROS2_DEMO/2_Chapter/code/install/pythonBaseMsgSub/lib/python3.10/site-packages/pythonBaseMsgSub-0.0.0-py3.10.egg-info
[1.561s] running install_scripts
[1.579s] Installing pythonBaseMsgSubNode script to /mnt/hgfs/VMware/ROS2_DEMO/2_Chapter/code/install/pythonBaseMsgSub/lib/pythonBaseMsgSub
[1.586s] writing list of installed files to '/mnt/hgfs/VMware/ROS2_DEMO/2_Chapter/code/build/pythonBaseMsgSub/install.log'
[1.634s] Invoked command in '/mnt/hgfs/VMware/ROS2_DEMO/2_Chapter/code/pythonBaseMsgSub' returned '0': PYTHONPATH=/mnt/hgfs/VMware/ROS2_DEMO/2_Chapter/code/build/pythonBaseMsgSub/prefix_override:/mnt/hgfs/VMware/ROS2_DEMO/2_Chapter/code/install/pythonBaseMsgSub/lib/python3.10/site-packages:${PYTHONPATH} /usr/bin/python3 setup.py egg_info --egg-base ../build/pythonBaseMsgSub build --build-base /mnt/hgfs/VMware/ROS2_DEMO/2_Chapter/code/build/pythonBaseMsgSub/build install --record /mnt/hgfs/VMware/ROS2_DEMO/2_Chapter/code/build/pythonBaseMsgSub/install.log --single-version-externally-managed
