[1.198s] Invoking command in '/mnt/hgfs/VMware/ROS2_DEMO/2_Chapter/code/pythonBaseMsgPub': PYTHONPATH=/mnt/hgfs/VMware/ROS2_DEMO/2_Chapter/code/build/pythonBaseMsgPub/prefix_override:/mnt/hgfs/VMware/ROS2_DEMO/2_Chapter/code/install/pythonBaseMsgPub/lib/python3.10/site-packages:${PYTHONPATH} /usr/bin/python3 setup.py egg_info --egg-base ../build/pythonBaseMsgPub build --build-base /mnt/hgfs/VMware/ROS2_DEMO/2_Chapter/code/build/pythonBaseMsgPub/build install --record /mnt/hgfs/VMware/ROS2_DEMO/2_Chapter/code/build/pythonBaseMsgPub/install.log --single-version-externally-managed
[1.450s] running egg_info
[1.459s] writing ../build/pythonBaseMsgPub/pythonBaseMsgPub.egg-info/PKG-INFO
[1.465s] writing dependency_links to ../build/pythonBaseMsgPub/pythonBaseMsgPub.egg-info/dependency_links.txt
[1.478s] writing entry points to ../build/pythonBaseMsgPub/pythonBaseMsgPub.egg-info/entry_points.txt
[1.491s] writing requirements to ../build/pythonBaseMsgPub/pythonBaseMsgPub.egg-info/requires.txt
[1.500s] writing top-level names to ../build/pythonBaseMsgPub/pythonBaseMsgPub.egg-info/top_level.txt
[1.518s] reading manifest file '../build/pythonBaseMsgPub/pythonBaseMsgPub.egg-info/SOURCES.txt'
[1.541s] writing manifest file '../build/pythonBaseMsgPub/pythonBaseMsgPub.egg-info/SOURCES.txt'
[1.550s] running build
[1.552s] running build_py
[1.572s] running install
[1.581s] /usr/lib/python3/dist-packages/setuptools/command/install.py:34: SetuptoolsDeprecationWarning: setup.py install is deprecated. Use build and pip and other standards-based tools.
[1.587s]   warnings.warn(
[1.592s] running install_lib
[1.609s] running install_data
[1.634s] running install_egg_info
[1.639s] removing '/mnt/hgfs/VMware/ROS2_DEMO/2_Chapter/code/install/pythonBaseMsgPub/lib/python3.10/site-packages/pythonBaseMsgPub-0.0.0-py3.10.egg-info' (and everything under it)
[1.660s] Copying ../build/pythonBaseMsgPub/pythonBaseMsgPub.egg-info to /mnt/hgfs/VMware/ROS2_DEMO/2_Chapter/code/install/pythonBaseMsgPub/lib/python3.10/site-packages/pythonBaseMsgPub-0.0.0-py3.10.egg-info
[1.718s] running install_scripts
[1.723s] Installing pythonBaseMsgPubNode script to /mnt/hgfs/VMware/ROS2_DEMO/2_Chapter/code/install/pythonBaseMsgPub/lib/pythonBaseMsgPub
[1.730s] writing list of installed files to '/mnt/hgfs/VMware/ROS2_DEMO/2_Chapter/code/build/pythonBaseMsgPub/install.log'
[1.779s] Invoked command in '/mnt/hgfs/VMware/ROS2_DEMO/2_Chapter/code/pythonBaseMsgPub' returned '0': PYTHONPATH=/mnt/hgfs/VMware/ROS2_DEMO/2_Chapter/code/build/pythonBaseMsgPub/prefix_override:/mnt/hgfs/VMware/ROS2_DEMO/2_Chapter/code/install/pythonBaseMsgPub/lib/python3.10/site-packages:${PYTHONPATH} /usr/bin/python3 setup.py egg_info --egg-base ../build/pythonBaseMsgPub build --build-base /mnt/hgfs/VMware/ROS2_DEMO/2_Chapter/code/build/pythonBaseMsgPub/build install --record /mnt/hgfs/VMware/ROS2_DEMO/2_Chapter/code/build/pythonBaseMsgPub/install.log --single-version-externally-managed
