[1.106s] Invoking command in '/mnt/hgfs/VMware/ROS2_DEMO/2_Chapter/code/pythonBaseMsgPub': PYTHONPATH=/mnt/hgfs/VMware/ROS2_DEMO/2_Chapter/code/build/pythonBaseMsgPub/prefix_override:/mnt/hgfs/VMware/ROS2_DEMO/2_Chapter/code/install/pythonBaseMsgPub/lib/python3.10/site-packages:${PYTHONPATH} /usr/bin/python3 setup.py egg_info --egg-base ../build/pythonBaseMsgPub build --build-base /mnt/hgfs/VMware/ROS2_DEMO/2_Chapter/code/build/pythonBaseMsgPub/build install --record /mnt/hgfs/VMware/ROS2_DEMO/2_Chapter/code/build/pythonBaseMsgPub/install.log --single-version-externally-managed
[1.353s] running egg_info
[1.356s] writing ../build/pythonBaseMsgPub/pythonBaseMsgPub.egg-info/PKG-INFO
[1.359s] writing dependency_links to ../build/pythonBaseMsgPub/pythonBaseMsgPub.egg-info/dependency_links.txt
[1.365s] writing entry points to ../build/pythonBaseMsgPub/pythonBaseMsgPub.egg-info/entry_points.txt
[1.370s] writing requirements to ../build/pythonBaseMsgPub/pythonBaseMsgPub.egg-info/requires.txt
[1.374s] writing top-level names to ../build/pythonBaseMsgPub/pythonBaseMsgPub.egg-info/top_level.txt
[1.392s] reading manifest file '../build/pythonBaseMsgPub/pythonBaseMsgPub.egg-info/SOURCES.txt'
[1.395s] writing manifest file '../build/pythonBaseMsgPub/pythonBaseMsgPub.egg-info/SOURCES.txt'
[1.399s] running build
[1.405s] running build_py
[1.411s] running install
[1.416s] /usr/lib/python3/dist-packages/setuptools/command/install.py:34: SetuptoolsDeprecationWarning: setup.py install is deprecated. Use build and pip and other standards-based tools.
[1.421s]   warnings.warn(
[1.424s] running install_lib
[1.428s] running install_data
[1.441s] running install_egg_info
[1.446s] removing '/mnt/hgfs/VMware/ROS2_DEMO/2_Chapter/code/install/pythonBaseMsgPub/lib/python3.10/site-packages/pythonBaseMsgPub-0.0.0-py3.10.egg-info' (and everything under it)
[1.462s] Copying ../build/pythonBaseMsgPub/pythonBaseMsgPub.egg-info to /mnt/hgfs/VMware/ROS2_DEMO/2_Chapter/code/install/pythonBaseMsgPub/lib/python3.10/site-packages/pythonBaseMsgPub-0.0.0-py3.10.egg-info
[1.538s] running install_scripts
[1.557s] Installing pythonBaseMsgPubNode script to /mnt/hgfs/VMware/ROS2_DEMO/2_Chapter/code/install/pythonBaseMsgPub/lib/pythonBaseMsgPub
[1.566s] writing list of installed files to '/mnt/hgfs/VMware/ROS2_DEMO/2_Chapter/code/build/pythonBaseMsgPub/install.log'
[1.602s] Invoked command in '/mnt/hgfs/VMware/ROS2_DEMO/2_Chapter/code/pythonBaseMsgPub' returned '0': PYTHONPATH=/mnt/hgfs/VMware/ROS2_DEMO/2_Chapter/code/build/pythonBaseMsgPub/prefix_override:/mnt/hgfs/VMware/ROS2_DEMO/2_Chapter/code/install/pythonBaseMsgPub/lib/python3.10/site-packages:${PYTHONPATH} /usr/bin/python3 setup.py egg_info --egg-base ../build/pythonBaseMsgPub build --build-base /mnt/hgfs/VMware/ROS2_DEMO/2_Chapter/code/build/pythonBaseMsgPub/build install --record /mnt/hgfs/VMware/ROS2_DEMO/2_Chapter/code/build/pythonBaseMsgPub/install.log --single-version-externally-managed
