[0.419s] DEBUG:colcon:Command line arguments: ['/usr/bin/colcon', 'build', '--packages-select', 'cppBaseMsgSub/']
[0.420s] DEBUG:colcon:Parsed command line arguments: Namespace(log_base=None, log_level=None, verb_name='build', build_base='build', install_base='install', merge_install=False, symlink_install=False, test_result_base=None, continue_on_error=False, executor='parallel', parallel_workers=16, event_handlers=None, ignore_user_meta=False, metas=['./colcon.meta'], base_paths=['.'], packages_ignore=None, packages_ignore_regex=None, paths=None, packages_up_to=None, packages_up_to_regex=None, packages_above=None, packages_above_and_dependencies=None, packages_above_depth=None, packages_select_by_dep=None, packages_skip_by_dep=None, packages_skip_up_to=None, packages_select_build_failed=False, packages_skip_build_finished=False, packages_select_test_failures=False, packages_skip_test_passed=False, packages_select=['cppBaseMsgSub/'], packages_skip=None, packages_select_regex=None, packages_skip_regex=None, packages_start=None, packages_end=None, allow_overriding=[], cmake_args=None, cmake_target=None, cmake_target_skip_unavailable=False, cmake_clean_cache=False, cmake_clean_first=False, cmake_force_configure=False, ament_cmake_args=None, catkin_cmake_args=None, catkin_skip_building_tests=False, verb_parser=<colcon_defaults.argument_parser.defaults.DefaultArgumentsDecorator object at 0x7f36194354e0>, verb_extension=<colcon_core.verb.build.BuildVerb object at 0x7f3619c39d50>, main=<bound method BuildVerb.main of <colcon_core.verb.build.BuildVerb object at 0x7f3619c39d50>>)
[0.473s] Level 1:colcon.colcon_core.package_discovery:discover_packages(colcon_meta) check parameters
[0.474s] Level 1:colcon.colcon_core.package_discovery:discover_packages(recursive) check parameters
[0.475s] Level 1:colcon.colcon_core.package_discovery:discover_packages(ignore) check parameters
[0.476s] Level 1:colcon.colcon_core.package_discovery:discover_packages(path) check parameters
[0.476s] Level 1:colcon.colcon_core.package_discovery:discover_packages(colcon_meta) discover
[0.477s] Level 1:colcon.colcon_core.package_discovery:discover_packages(recursive) discover
[0.478s] INFO:colcon.colcon_core.package_discovery:Crawling recursively for packages in '/mnt/hgfs/VMware/ROS2_DEMO/2_Chapter/code'
[0.481s] Level 1:colcon.colcon_core.package_identification:_identify(.) by extensions ['ignore', 'ignore_ament_install']
[0.481s] Level 1:colcon.colcon_core.package_identification:_identify(.) by extension 'ignore'
[0.483s] Level 1:colcon.colcon_core.package_identification:_identify(.) by extension 'ignore_ament_install'
[0.485s] Level 1:colcon.colcon_core.package_identification:_identify(.) by extensions ['colcon_pkg']
[0.486s] Level 1:colcon.colcon_core.package_identification:_identify(.) by extension 'colcon_pkg'
[0.487s] Level 1:colcon.colcon_core.package_identification:_identify(.) by extensions ['colcon_meta']
[0.487s] Level 1:colcon.colcon_core.package_identification:_identify(.) by extension 'colcon_meta'
[0.488s] Level 1:colcon.colcon_core.package_identification:_identify(.) by extensions ['ros']
[0.489s] Level 1:colcon.colcon_core.package_identification:_identify(.) by extension 'ros'
[0.510s] Level 1:colcon.colcon_core.package_identification:_identify(.) by extensions ['cmake', 'python']
[0.510s] Level 1:colcon.colcon_core.package_identification:_identify(.) by extension 'cmake'
[0.513s] Level 1:colcon.colcon_core.package_identification:_identify(.) by extension 'python'
[0.514s] Level 1:colcon.colcon_core.package_identification:_identify(.) by extensions ['python_setup_py']
[0.514s] Level 1:colcon.colcon_core.package_identification:_identify(.) by extension 'python_setup_py'
[0.518s] Level 1:colcon.colcon_core.package_identification:_identify(build) by extensions ['ignore', 'ignore_ament_install']
[0.519s] Level 1:colcon.colcon_core.package_identification:_identify(build) by extension 'ignore'
[0.520s] Level 1:colcon.colcon_core.package_identification:_identify(build) ignored
[0.522s] Level 1:colcon.colcon_core.package_identification:_identify(cppBaseMsgPub) by extensions ['ignore', 'ignore_ament_install']
[0.523s] Level 1:colcon.colcon_core.package_identification:_identify(cppBaseMsgPub) by extension 'ignore'
[0.525s] Level 1:colcon.colcon_core.package_identification:_identify(cppBaseMsgPub) by extension 'ignore_ament_install'
[0.527s] Level 1:colcon.colcon_core.package_identification:_identify(cppBaseMsgPub) by extensions ['colcon_pkg']
[0.528s] Level 1:colcon.colcon_core.package_identification:_identify(cppBaseMsgPub) by extension 'colcon_pkg'
[0.529s] Level 1:colcon.colcon_core.package_identification:_identify(cppBaseMsgPub) by extensions ['colcon_meta']
[0.530s] Level 1:colcon.colcon_core.package_identification:_identify(cppBaseMsgPub) by extension 'colcon_meta'
[0.531s] Level 1:colcon.colcon_core.package_identification:_identify(cppBaseMsgPub) by extensions ['ros']
[0.532s] Level 1:colcon.colcon_core.package_identification:_identify(cppBaseMsgPub) by extension 'ros'
[0.540s] DEBUG:colcon.colcon_core.package_identification:Package 'cppBaseMsgPub' with type 'ros.ament_cmake' and name 'cppBaseMsgPub'
[0.543s] Level 1:colcon.colcon_core.package_identification:_identify(cppBaseMsgSub) by extensions ['ignore', 'ignore_ament_install']
[0.544s] Level 1:colcon.colcon_core.package_identification:_identify(cppBaseMsgSub) by extension 'ignore'
[0.546s] Level 1:colcon.colcon_core.package_identification:_identify(cppBaseMsgSub) by extension 'ignore_ament_install'
[0.548s] Level 1:colcon.colcon_core.package_identification:_identify(cppBaseMsgSub) by extensions ['colcon_pkg']
[0.549s] Level 1:colcon.colcon_core.package_identification:_identify(cppBaseMsgSub) by extension 'colcon_pkg'
[0.550s] Level 1:colcon.colcon_core.package_identification:_identify(cppBaseMsgSub) by extensions ['colcon_meta']
[0.550s] Level 1:colcon.colcon_core.package_identification:_identify(cppBaseMsgSub) by extension 'colcon_meta'
[0.551s] Level 1:colcon.colcon_core.package_identification:_identify(cppBaseMsgSub) by extensions ['ros']
[0.551s] Level 1:colcon.colcon_core.package_identification:_identify(cppBaseMsgSub) by extension 'ros'
[0.557s] DEBUG:colcon.colcon_core.package_identification:Package 'cppBaseMsgSub' with type 'ros.ament_cmake' and name 'cppBaseMsgSub'
[0.560s] Level 1:colcon.colcon_core.package_identification:_identify(install) by extensions ['ignore', 'ignore_ament_install']
[0.561s] Level 1:colcon.colcon_core.package_identification:_identify(install) by extension 'ignore'
[0.562s] Level 1:colcon.colcon_core.package_identification:_identify(install) ignored
[0.566s] Level 1:colcon.colcon_core.package_identification:_identify(log) by extensions ['ignore', 'ignore_ament_install']
[0.566s] Level 1:colcon.colcon_core.package_identification:_identify(log) by extension 'ignore'
[0.568s] Level 1:colcon.colcon_core.package_identification:_identify(log) ignored
[0.569s] Level 1:colcon.colcon_core.package_discovery:discover_packages(recursive) using defaults
[0.571s] Level 1:colcon.colcon_core.package_discovery:discover_packages(ignore) discover
[0.572s] Level 1:colcon.colcon_core.package_discovery:discover_packages(ignore) using defaults
[0.573s] Level 1:colcon.colcon_core.package_discovery:discover_packages(path) discover
[0.575s] Level 1:colcon.colcon_core.package_discovery:discover_packages(path) using defaults
[0.578s] WARNING:colcon.colcon_core.package_selection:ignoring unknown package 'cppBaseMsgSub/' in --packages-select
[0.615s] INFO:colcon.colcon_core.package_selection:Skipping not selected package 'cppBaseMsgPub' in 'cppBaseMsgPub'
[0.616s] INFO:colcon.colcon_core.package_selection:Skipping not selected package 'cppBaseMsgSub' in 'cppBaseMsgSub'
[0.619s] Level 1:colcon.colcon_core.package_discovery:discover_packages(prefix_path) check parameters
[0.619s] Level 1:colcon.colcon_core.package_discovery:discover_packages(prefix_path) discover
[0.625s] DEBUG:colcon.colcon_installed_package_information.package_discovery:Found 270 installed packages in /opt/ros/humble
[0.629s] Level 1:colcon.colcon_core.package_discovery:discover_packages(prefix_path) using defaults
[0.708s] INFO:colcon.colcon_core.executor:Executing jobs using 'parallel' executor
[0.714s] DEBUG:colcon.colcon_parallel_executor.executor.parallel:run_until_complete
[0.716s] DEBUG:colcon.colcon_parallel_executor.executor.parallel:closing loop
[0.717s] DEBUG:colcon.colcon_parallel_executor.executor.parallel:loop closed
[0.718s] DEBUG:colcon.colcon_parallel_executor.executor.parallel:run_until_complete finished with '0'
[0.719s] DEBUG:colcon.colcon_core.event_reactor:joining thread
[0.727s] INFO:colcon.colcon_core.plugin_system:Skipping extension 'colcon_notification.desktop_notification.terminal_notifier': Not used on non-Darwin systems
[0.728s] INFO:colcon.colcon_core.plugin_system:Skipping extension 'colcon_notification.desktop_notification.win32': Not used on non-Windows systems
[0.729s] INFO:colcon.colcon_notification.desktop_notification:Sending desktop notification using 'notify2'
[0.749s] DEBUG:colcon.colcon_core.event_reactor:joined thread
[0.755s] INFO:colcon.colcon_core.plugin_system:Skipping extension 'colcon_core.shell.bat': Not used on non-Windows systems
[0.756s] INFO:colcon.colcon_core.shell:Creating prefix script '/mnt/hgfs/VMware/ROS2_DEMO/2_Chapter/code/install/local_setup.ps1'
[0.761s] INFO:colcon.colcon_core.shell:Creating prefix util module '/mnt/hgfs/VMware/ROS2_DEMO/2_Chapter/code/install/_local_setup_util_ps1.py'
[0.767s] INFO:colcon.colcon_core.shell:Creating prefix chain script '/mnt/hgfs/VMware/ROS2_DEMO/2_Chapter/code/install/setup.ps1'
[0.773s] INFO:colcon.colcon_core.shell:Creating prefix script '/mnt/hgfs/VMware/ROS2_DEMO/2_Chapter/code/install/local_setup.sh'
[0.777s] INFO:colcon.colcon_core.shell:Creating prefix util module '/mnt/hgfs/VMware/ROS2_DEMO/2_Chapter/code/install/_local_setup_util_sh.py'
[0.781s] INFO:colcon.colcon_core.shell:Creating prefix chain script '/mnt/hgfs/VMware/ROS2_DEMO/2_Chapter/code/install/setup.sh'
[0.786s] INFO:colcon.colcon_core.shell:Creating prefix script '/mnt/hgfs/VMware/ROS2_DEMO/2_Chapter/code/install/local_setup.bash'
[0.789s] INFO:colcon.colcon_core.shell:Creating prefix chain script '/mnt/hgfs/VMware/ROS2_DEMO/2_Chapter/code/install/setup.bash'
[0.794s] INFO:colcon.colcon_core.shell:Creating prefix script '/mnt/hgfs/VMware/ROS2_DEMO/2_Chapter/code/install/local_setup.zsh'
[0.798s] INFO:colcon.colcon_core.shell:Creating prefix chain script '/mnt/hgfs/VMware/ROS2_DEMO/2_Chapter/code/install/setup.zsh'
